Log file open, 01/05/23 09:04:16
LogWindows: Failed to load 'aqProf.dll' (GetLastError=126)
LogWindows: File 'aqProf.dll' does not exist
LogWindows: Failed to load 'VtuneApi.dll' (GetLastError=126)
LogWindows: File 'VtuneApi.dll' does not exist
LogWindows: Failed to load 'VtuneApi32e.dll' (GetLastError=126)
LogWindows: File 'VtuneApi32e.dll' does not exist
LogConsoleResponse: Display: Failed to find resolution value strings in scalability ini. Falling back to default.
LogConsoleResponse: Display: Failed to find resolution value strings in scalability ini. Falling back to default.
LogInit: Display: Running engine for game: MyProject
LogPlatformFile: Not using cached read wrapper
LogTaskGraph: Started task graph with 5 named threads and 14 total threads with 3 sets of task threads.
LogStats: Stats thread started at 0.315632
LogICUInternationalization: ICU TimeZone Detection - Raw Offset: +8:00, Platform Override: ''
LogInit: Display: Loading text-based GConfig....
LogPluginManager: Mounting plugin MeshPainting
LogPluginManager: Mounting plugin XGEController
LogPluginManager: Mounting plugin Paper2D
LogPluginManager: Mounting plugin AISupport
LogPluginManager: Mounting plugin EnvironmentQueryEditor
LogPluginManager: Mounting plugin LiveLink
LogPluginManager: Mounting plugin LightPropagationVolume
LogPluginManager: Mounting plugin CameraShakePreviewer
LogPluginManager: Mounting plugin GameplayCameras
LogPluginManager: Mounting plugin OodleData
LogPluginManager: Mounting plugin OodleNetwork
LogPluginManager: Mounting plugin AnimationSharing
LogPluginManager: Mounting plugin CLionSourceCodeAccess
LogPluginManager: Mounting plugin CodeLiteSourceCodeAccess
LogPluginManager: Mounting plugin GitSourceControl
LogPluginManager: Mounting plugin KDevelopSourceCodeAccess
LogPluginManager: Mounting plugin NullSourceCodeAccess
LogPluginManager: Mounting plugin PerforceSourceControl
LogPluginManager: Mounting plugin PixWinPlugin
LogPluginManager: Mounting plugin PlasticSourceControl
LogPluginManager: Mounting plugin PluginUtils
LogPluginManager: Mounting plugin PropertyAccessNode
LogPluginManager: Mounting plugin RiderSourceCodeAccess
LogPluginManager: Mounting plugin SubversionSourceControl
LogPluginManager: Mounting plugin TextureFormatOodle
LogPluginManager: Mounting plugin UObjectPlugin
LogPluginManager: Mounting plugin VisualStudioCodeSourceCodeAccess
LogPluginManager: Mounting plugin VisualStudioSourceCodeAccess
LogPluginManager: Mounting plugin XCodeSourceCodeAccess
LogPluginManager: Mounting plugin AssetManagerEditor
LogPluginManager: Mounting plugin CryptoKeys
LogPluginManager: Mounting plugin CurveEditorTools
LogPluginManager: Mounting plugin DataValidation
LogPluginManager: Mounting plugin FacialAnimation
LogPluginManager: Mounting plugin GameplayTagsEditor
LogPluginManager: Mounting plugin GeometryMode
LogPluginManager: Mounting plugin MacGraphicsSwitching
LogPluginManager: Mounting plugin MaterialAnalyzer
LogPluginManager: Mounting plugin MobileLauncherProfileWizard
LogPluginManager: Mounting plugin PluginBrowser
LogPluginManager: Mounting plugin SpeedTreeImporter
LogPluginManager: Mounting plugin DatasmithContent
LogPluginManager: Mounting plugin VariantManagerContent
LogPluginManager: Mounting plugin AlembicImporter
LogPluginManager: Mounting plugin Niagara
LogPluginManager: Mounting plugin BackChannel
LogPluginManager: Mounting plugin AutomationUtils
LogPluginManager: Mounting plugin ChaosCloth
LogPluginManager: Mounting plugin ChaosClothEditor
LogPluginManager: Mounting plugin ChaosEditor
LogPluginManager: Mounting plugin ChaosNiagara
LogPluginManager: Mounting plugin ChaosSolverPlugin
LogPluginManager: Mounting plugin CharacterAI
LogPluginManager: Mounting plugin GeometryCache
LogPluginManager: Mounting plugin GeometryCollectionPlugin
LogPluginManager: Mounting plugin GeometryProcessing
LogPluginManager: Mounting plugin MotoSynth
LogPluginManager: Mounting plugin OpenImageDenoise
LogPluginManager: Mounting plugin PlanarCut
LogPluginManager: Mounting plugin PlatformCrypto
LogPluginManager: Mounting plugin ProxyLODPlugin
LogPluginManager: Mounting plugin PythonScriptPlugin
LogPluginManager: Mounting plugin SkeletalReduction
LogPluginManager: Mounting plugin LuminPlatformFeatures
LogPluginManager: Mounting plugin MagicLeap
LogPluginManager: Mounting plugin MagicLeapLightEstimation
LogPluginManager: Mounting plugin MagicLeapMedia
LogPluginManager: Mounting plugin MagicLeapPassableWorld
LogPluginManager: Mounting plugin MLSDK
LogPluginManager: Mounting plugin AndroidMedia
LogPluginManager: Mounting plugin AvfMedia
LogPluginManager: Mounting plugin ImgMedia
LogPluginManager: Mounting plugin MediaCompositing
LogPluginManager: Mounting plugin MediaPlayerEditor
LogPluginManager: Mounting plugin WebMMedia
LogPluginManager: Mounting plugin WmfMedia
LogPluginManager: Mounting plugin TcpMessaging
LogPluginManager: Mounting plugin UdpMessaging
LogPluginManager: Mounting plugin ActorSequence
LogPluginManager: Mounting plugin LevelSequenceEditor
LogPluginManager: Mounting plugin MatineeToLevelSequence
LogPluginManager: Mounting plugin TemplateSequence
LogPluginManager: Mounting plugin OnlineSubsystem
LogPluginManager: Mounting plugin OnlineSubsystemNull
LogPluginManager: Mounting plugin OnlineSubsystemUtils
LogPluginManager: Mounting plugin LauncherChunkInstaller
LogPluginManager: Mounting plugin ActorLayerUtilities
LogPluginManager: Mounting plugin AndroidDeviceProfileSelector
LogPluginManager: Mounting plugin AndroidMoviePlayer
LogPluginManager: Mounting plugin AndroidPermission
LogPluginManager: Mounting plugin AppleImageUtils
LogPluginManager: Mounting plugin AppleMoviePlayer
LogPluginManager: Mounting plugin ArchVisCharacter
LogPluginManager: Mounting plugin AssetTags
LogPluginManager: Mounting plugin AudioCapture
LogPluginManager: Mounting plugin CableComponent
LogPluginManager: Mounting plugin AudioSynesthesia
LogPluginManager: Mounting plugin ChunkDownloader
LogPluginManager: Mounting plugin CustomMeshComponent
LogPluginManager: Mounting plugin EditableMesh
LogPluginManager: Mounting plugin ExampleDeviceProfileSelector
LogPluginManager: Mounting plugin GoogleCloudMessaging
LogPluginManager: Mounting plugin GooglePAD
LogPluginManager: Mounting plugin IOSDeviceProfileSelector
LogPluginManager: Mounting plugin LinuxDeviceProfileSelector
LogPluginManager: Mounting plugin LocationServicesBPLibrary
LogPluginManager: Mounting plugin MobilePatchingUtils
LogPluginManager: Mounting plugin OpenXR
LogPluginManager: Mounting plugin OpenXREyeTracker
LogPluginManager: Mounting plugin OpenXRHandTracking
LogPluginManager: Mounting plugin PhysXVehicles
LogPluginManager: Mounting plugin PostSplashScreen
LogPluginManager: Mounting plugin ProceduralMeshComponent
LogPluginManager: Mounting plugin PropertyAccessEditor
LogPluginManager: Mounting plugin RuntimePhysXCooking
LogPluginManager: Mounting plugin SignificanceManager
LogPluginManager: Mounting plugin SoundFields
LogPluginManager: Mounting plugin Synthesis
LogPluginManager: Mounting plugin WebMMoviePlayer
LogPluginManager: Mounting plugin WindowsMoviePlayer
LogPluginManager: Mounting plugin ScreenshotTools
LogPluginManager: Mounting plugin Takes
LogPluginManager: Mounting plugin ContentBrowserAssetDataSource
LogPluginManager: Mounting plugin ContentBrowserClassDataSource
LogPluginManager: Mounting plugin ContentBrowserFileDataSource
LogPluginManager: Mounting plugin OnlineSubsystemGooglePlay
LogPluginManager: Mounting plugin OnlineSubsystemIOS
LogPluginManager: Mounting plugin OculusVR
LogPluginManager: Mounting plugin SteamVR
PixWinPlugin: PIX capture plugin failed to initialize! Check that the process is launched from PIX.
LogInit: Using libcurl 7.55.1-DEV
LogInit:  - built for x86_64-pc-win32
LogInit:  - supports SSL with OpenSSL/1.1.1
LogInit:  - supports HTTP deflate (compression) using libz 1.2.8
LogInit:  - other features:
LogInit:      CURL_VERSION_SSL
LogInit:      CURL_VERSION_LIBZ
LogInit:      CURL_VERSION_IPV6
LogInit:      CURL_VERSION_ASYNCHDNS
LogInit:      CURL_VERSION_LARGEFILE
LogInit:      CURL_VERSION_IDN
LogInit:  CurlRequestOptions (configurable via config and command line):
LogInit:  - bVerifyPeer = true  - Libcurl will verify peer certificate
LogInit:  - bUseHttpProxy = false  - Libcurl will NOT use HTTP proxy
LogInit:  - bDontReuseConnections = false  - Libcurl will reuse connections
LogInit:  - MaxHostConnections = 16  - Libcurl will limit the number of connections to a host
LogInit:  - LocalHostAddr = Default
LogInit:  - BufferSize = 65536
LogOnline: OSS: Creating online subsystem instance for: NULL
LogInit: WinSock: version 1.1 (2.2), MaxSocks=32767, MaxUdp=65467
LogOnline: OSS: TryLoadSubsystemAndSetDefault: Loaded subsystem for module [NULL]
LogOculusPluginWrapper: OculusPlugin initialized successfully
LogHMD: Failed initializing OVRPlugin 1.59.0
LogInit: Build: ++UE4+Release-4.27-CL-18319896
LogInit: Engine Version: 4.27.2-18319896+++UE4+Release-4.27
LogInit: Compatible Engine Version: 4.27.0-17155196+++UE4+Release-4.27
LogInit: Net CL: 17155196
LogInit: OS: Windows 7 (Service Pack 1), CPU: Intel(R) Core(TM) i5-4570 CPU @ 3.20GHz, GPU: Intel(R) HD Graphics 4600
LogInit: Compiled (64-bit): Nov 30 2021 07:12:08
LogInit: Compiled with Visual C++: 19.24.28315.00
LogInit: Build Configuration: Development
LogInit: Branch Name: ++UE4+Release-4.27
LogInit: Command Line: 
LogInit: Base Directory: E:/Epic Games/UE_4.27/Engine/Binaries/Win64/
LogInit: Allocator: TBB
LogInit: Installed Engine Build: 1
LogDevObjectVersion: Number of dev versions registered: 29
LogDevObjectVersion:   Dev-Blueprints (B0D832E4-1F89-4F0D-ACCF-7EB736FD4AA2): 10
LogDevObjectVersion:   Dev-Build (E1C64328-A22C-4D53-A36C-8E866417BD8C): 0
LogDevObjectVersion:   Dev-Core (375EC13C-06E4-48FB-B500-84F0262A717E): 4
LogDevObjectVersion:   Dev-Editor (E4B068ED-F494-42E9-A231-DA0B2E46BB41): 40
LogDevObjectVersion:   Dev-Framework (CFFC743F-43B0-4480-9391-14DF171D2073): 37
LogDevObjectVersion:   Dev-Mobile (B02B49B5-BB20-44E9-A304-32B752E40360): 3
LogDevObjectVersion:   Dev-Networking (A4E4105C-59A1-49B5-A7C5-40C4547EDFEE): 0
LogDevObjectVersion:   Dev-Online (39C831C9-5AE6-47DC-9A44-9C173E1C8E7C): 0
LogDevObjectVersion:   Dev-Physics (78F01B33-EBEA-4F98-B9B4-84EACCB95AA2): 14
LogDevObjectVersion:   Dev-Platform (6631380F-2D4D-43E0-8009-CF276956A95A): 0
LogDevObjectVersion:   Dev-Rendering (12F88B9F-8875-4AFC-A67C-D90C383ABD29): 45
LogDevObjectVersion:   Dev-Sequencer (7B5AE74C-D270-4C10-A958-57980B212A5A): 13
LogDevObjectVersion:   Dev-VR (D7296918-1DD6-4BDD-9DE2-64A83CC13884): 3
LogDevObjectVersion:   Dev-LoadTimes (C2A15278-BFE7-4AFE-6C17-90FF531DF755): 1
LogDevObjectVersion:   Private-Geometry (6EACA3D4-40EC-4CC1-B786-8BED09428FC5): 3
LogDevObjectVersion:   Dev-AnimPhys (29E575DD-E0A3-4627-9D10-D276232CDCEA): 17
LogDevObjectVersion:   Dev-Anim (AF43A65D-7FD3-4947-9873-3E8ED9C1BB05): 15
LogDevObjectVersion:   Dev-ReflectionCapture (6B266CEC-1EC7-4B8F-A30B-E4D90942FC07): 1
LogDevObjectVersion:   Dev-Automation (0DF73D61-A23F-47EA-B727-89E90C41499A): 1
LogDevObjectVersion:   FortniteMain (601D1886-AC64-4F84-AA16-D3DE0DEAC7D6): 47
LogDevObjectVersion:   FortniteRelease (E7086368-6B23-4C58-8439-1B7016265E91): 1
LogDevObjectVersion:   Dev-Enterprise (9DFFBCD6-494F-0158-E221-12823C92A888): 10
LogDevObjectVersion:   Dev-Niagara (F2AED0AC-9AFE-416F-8664-AA7FFA26D6FC): 1
LogDevObjectVersion:   Dev-Destruction (174F1F0B-B4C6-45A5-B13F-2EE8D0FB917D): 10
LogDevObjectVersion:   Dev-Physics-Ext (35F94A83-E258-406C-A318-09F59610247C): 41
LogDevObjectVersion:   Dev-PhysicsMaterial-Chaos (B68FC16E-8B1B-42E2-B453-215C058844FE): 1
LogDevObjectVersion:   Dev-CineCamera (B2E18506-4273-CFC2-A54E-F4BB758BBA07): 1
LogDevObjectVersion:   Dev-VirtualProduction (64F58936-FD1B-42BA-BA96-7289D5D0FA4E): 1
LogDevObjectVersion:   Dev-MediaFramework (6F0ED827-A609-4895-9C91-998D90180EA4): 2
LogInit: Presizing for max 25165824 objects, including 0 objects not considered by GC, pre-allocating 0 bytes for permanent pool.
LogConfig: Applying CVar settings from Section [/Script/Engine.StreamingSettings] File [D:/Unreal Projects/MyProject/Saved/Config/Windows/Engine.ini]
LogConfig: Setting CVar [[s.MinBulkDataSizeForAsyncLoading:131072]]
LogConfig: Setting CVar [[s.AsyncLoadingThreadEnabled:0]]
LogConfig: Setting CVar [[s.EventDrivenLoaderEnabled:1]]
LogConfig: Setting CVar [[s.WarnIfTimeLimitExceeded:0]]
LogConfig: Setting CVar [[s.TimeLimitExceededMultiplier:1.5]]
LogConfig: Setting CVar [[s.TimeLimitExceededMinTime:0.005]]
LogConfig: Setting CVar [[s.UseBackgroundLevelStreaming:1]]
LogConfig: Setting CVar [[s.PriorityAsyncLoadingExtraTime:15.0]]
LogConfig: Setting CVar [[s.LevelStreamingActorsUpdateTimeLimit:5.0]]
LogConfig: Setting CVar [[s.PriorityLevelStreamingActorsUpdateExtraTime:5.0]]
LogConfig: Setting CVar [[s.LevelStreamingComponentsRegistrationGranularity:10]]
LogConfig: Setting CVar [[s.UnregisterComponentsTimeLimit:1.0]]
LogConfig: Setting CVar [[s.LevelStreamingComponentsUnregistrationGranularity:5]]
LogConfig: Setting CVar [[s.FlushStreamingOnExit:1]]
LogInit: Object subsystem initialized
LogConfig: Setting CVar [[con.DebugEarlyDefault:1]]
LogConfig: Setting CVar [[r.setres:1280x720]]
[2023.01.05-01.04.16:971][  0]LogConfig: Setting CVar [[r.VSync:0]]
[2023.01.05-01.04.16:971][  0]LogConfig: Setting CVar [[r.RHICmdBypass:0]]
[2023.01.05-01.04.16:971][  0]LogConfig: Applying CVar settings from Section [/Script/Engine.RendererSettings] File [D:/Unreal Projects/MyProject/Saved/Config/Windows/Engine.ini]
[2023.01.05-01.04.16:971][  0]LogConfig: Setting CVar [[r.GPUCrashDebugging:0]]
[2023.01.05-01.04.16:971][  0]LogConfig: Setting CVar [[r.DefaultFeature.AutoExposure:0]]
[2023.01.05-01.04.16:971][  0]LogConfig: Applying CVar settings from Section [/Script/Engine.RendererOverrideSettings] File [D:/Unreal Projects/MyProject/Saved/Config/Windows/Engine.ini]
[2023.01.05-01.04.16:971][  0]LogConfig: Applying CVar settings from Section [/Script/Engine.StreamingSettings] File [D:/Unreal Projects/MyProject/Saved/Config/Windows/Engine.ini]
[2023.01.05-01.04.16:971][  0]LogConfig: Setting CVar [[s.MinBulkDataSizeForAsyncLoading:131072]]
[2023.01.05-01.04.16:971][  0]LogConfig: Setting CVar [[s.AsyncLoadingThreadEnabled:0]]
[2023.01.05-01.04.16:971][  0]LogConfig: Setting CVar [[s.EventDrivenLoaderEnabled:1]]
[2023.01.05-01.04.16:971][  0]LogConfig: Setting CVar [[s.WarnIfTimeLimitExceeded:0]]
[2023.01.05-01.04.16:971][  0]LogConfig: Setting CVar [[s.TimeLimitExceededMultiplier:1.5]]
[2023.01.05-01.04.16:971][  0]LogConfig: Setting CVar [[s.TimeLimitExceededMinTime:0.005]]
[2023.01.05-01.04.16:971][  0]LogConfig: Setting CVar [[s.UseBackgroundLevelStreaming:1]]
[2023.01.05-01.04.16:971][  0]LogConfig: Setting CVar [[s.PriorityAsyncLoadingExtraTime:15.0]]
[2023.01.05-01.04.16:971][  0]LogConfig: Setting CVar [[s.LevelStreamingActorsUpdateTimeLimit:5.0]]
[2023.01.05-01.04.16:971][  0]LogConfig: Setting CVar [[s.PriorityLevelStreamingActorsUpdateExtraTime:5.0]]
[2023.01.05-01.04.16:971][  0]LogConfig: Setting CVar [[s.LevelStreamingComponentsRegistrationGranularity:10]]
[2023.01.05-01.04.16:971][  0]LogConfig: Setting CVar [[s.UnregisterComponentsTimeLimit:1.0]]
[2023.01.05-01.04.16:971][  0]LogConfig: Setting CVar [[s.LevelStreamingComponentsUnregistrationGranularity:5]]
[2023.01.05-01.04.16:971][  0]LogConfig: Setting CVar [[s.FlushStreamingOnExit:1]]
[2023.01.05-01.04.16:971][  0]LogConfig: Applying CVar settings from Section [/Script/Engine.GarbageCollectionSettings] File [D:/Unreal Projects/MyProject/Saved/Config/Windows/Engine.ini]
[2023.01.05-01.04.16:971][  0]LogConfig: Setting CVar [[gc.MaxObjectsNotConsideredByGC:1]]
[2023.01.05-01.04.16:971][  0]LogConfig: Setting CVar [[gc.SizeOfPermanentObjectPool:0]]
[2023.01.05-01.04.16:971][  0]LogConfig: Setting CVar [[gc.FlushStreamingOnGC:0]]
[2023.01.05-01.04.16:971][  0]LogConfig: Setting CVar [[gc.NumRetriesBeforeForcingGC:10]]
[2023.01.05-01.04.16:971][  0]LogConfig: Setting CVar [[gc.AllowParallelGC:1]]
[2023.01.05-01.04.16:971][  0]LogConfig: Setting CVar [[gc.TimeBetweenPurgingPendingKillObjects:61.1]]
[2023.01.05-01.04.16:971][  0]LogConfig: Setting CVar [[gc.MaxObjectsInEditor:25165824]]
[2023.01.05-01.04.16:971][  0]LogConfig: Setting CVar [[gc.IncrementalBeginDestroyEnabled:1]]
[2023.01.05-01.04.16:971][  0]LogConfig: Setting CVar [[gc.CreateGCClusters:1]]
[2023.01.05-01.04.16:971][  0]LogConfig: Setting CVar [[gc.MinGCClusterSize:5]]
[2023.01.05-01.04.16:971][  0]LogConfig: Setting CVar [[gc.ActorClusteringEnabled:0]]
[2023.01.05-01.04.16:971][  0]LogConfig: Setting CVar [[gc.BlueprintClusteringEnabled:0]]
[2023.01.05-01.04.16:971][  0]LogConfig: Setting CVar [[gc.UseDisregardForGCOnDedicatedServers:0]]
[2023.01.05-01.04.16:971][  0]LogConfig: Setting CVar [[gc.MultithreadedDestructionEnabled:1]]
[2023.01.05-01.04.16:971][  0]LogConfig: Applying CVar settings from Section [/Script/Engine.NetworkSettings] File [D:/Unreal Projects/MyProject/Saved/Config/Windows/Engine.ini]
[2023.01.05-01.04.16:971][  0]LogConfig: Applying CVar settings from Section [/Script/UnrealEd.CookerSettings] File [D:/Unreal Projects/MyProject/Saved/Config/Windows/Engine.ini]
[2023.01.05-01.04.16:972][  0]LogConfig: Applying CVar settings from Section [ViewDistanceQuality@3] File [D:/Unreal Projects/MyProject/Saved/Config/Windows/Scalability.ini]
[2023.01.05-01.04.16:972][  0]LogConfig: Setting CVar [[r.SkeletalMeshLODBias:0]]
[2023.01.05-01.04.16:972][  0]LogConfig: Setting CVar [[r.ViewDistanceScale:1.0]]
[2023.01.05-01.04.16:972][  0]LogConfig: Applying CVar settings from Section [AntiAliasingQuality@3] File [D:/Unreal Projects/MyProject/Saved/Config/Windows/Scalability.ini]
[2023.01.05-01.04.16:972][  0]LogConfig: Setting CVar [[r.PostProcessAAQuality:4]]
[2023.01.05-01.04.16:972][  0]LogConfig: Applying CVar settings from Section [ShadowQuality@3] File [D:/Unreal Projects/MyProject/Saved/Config/Windows/Scalability.ini]
[2023.01.05-01.04.16:972][  0]LogConfig: Setting CVar [[r.LightFunctionQuality:1]]
[2023.01.05-01.04.16:972][  0]LogConfig: Setting CVar [[r.ShadowQuality:5]]
[2023.01.05-01.04.16:972][  0]LogConfig: Setting CVar [[r.Shadow.CSM.MaxCascades:10]]
[2023.01.05-01.04.16:972][  0]LogConfig: Setting CVar [[r.Shadow.MaxResolution:2048]]
[2023.01.05-01.04.16:972][  0]LogConfig: Setting CVar [[r.Shadow.MaxCSMResolution:2048]]
[2023.01.05-01.04.16:972][  0]LogConfig: Setting CVar [[r.Shadow.RadiusThreshold:0.01]]
[2023.01.05-01.04.16:972][  0]LogConfig: Setting CVar [[r.Shadow.DistanceScale:1.0]]
[2023.01.05-01.04.16:972][  0]LogConfig: Setting CVar [[r.Shadow.CSM.TransitionScale:1.0]]
[2023.01.05-01.04.16:972][  0]LogConfig: Setting CVar [[r.Shadow.PreShadowResolutionFactor:1.0]]
[2023.01.05-01.04.16:972][  0]LogConfig: Setting CVar [[r.DistanceFieldShadowing:1]]
[2023.01.05-01.04.16:972][  0]LogConfig: Setting CVar [[r.DistanceFieldAO:1]]
[2023.01.05-01.04.16:972][  0]LogConfig: Setting CVar [[r.AOQuality:2]]
[2023.01.05-01.04.16:972][  0]LogConfig: Setting CVar [[r.VolumetricFog:1]]
[2023.01.05-01.04.16:972][  0]LogConfig: Setting CVar [[r.VolumetricFog.GridPixelSize:8]]
[2023.01.05-01.04.16:972][  0]LogConfig: Setting CVar [[r.VolumetricFog.GridSizeZ:128]]
[2023.01.05-01.04.16:972][  0]LogConfig: Setting CVar [[r.VolumetricFog.HistoryMissSupersampleCount:4]]
[2023.01.05-01.04.16:972][  0]LogConfig: Setting CVar [[r.LightMaxDrawDistanceScale:1]]
[2023.01.05-01.04.16:972][  0]LogConfig: Setting CVar [[r.CapsuleShadows:1]]
[2023.01.05-01.04.16:972][  0]LogConfig: Applying CVar settings from Section [PostProcessQuality@3] File [D:/Unreal Projects/MyProject/Saved/Config/Windows/Scalability.ini]
[2023.01.05-01.04.16:972][  0]LogConfig: Setting CVar [[r.MotionBlurQuality:4]]
[2023.01.05-01.04.16:972][  0]LogConfig: Setting CVar [[r.AmbientOcclusionMipLevelFactor:0.4]]
[2023.01.05-01.04.16:972][  0]LogConfig: Setting CVar [[r.AmbientOcclusionMaxQuality:100]]
[2023.01.05-01.04.16:972][  0]LogConfig: Setting CVar [[r.AmbientOcclusionLevels:-1]]
[2023.01.05-01.04.16:972][  0]LogConfig: Setting CVar [[r.AmbientOcclusionRadiusScale:1.0]]
[2023.01.05-01.04.16:972][  0]LogConfig: Setting CVar [[r.DepthOfFieldQuality:2]]
[2023.01.05-01.04.16:972][  0]LogConfig: Setting CVar [[r.RenderTargetPoolMin:400]]
[2023.01.05-01.04.16:972][  0]LogConfig: Setting CVar [[r.LensFlareQuality:2]]
[2023.01.05-01.04.16:972][  0]LogConfig: Setting CVar [[r.SceneColorFringeQuality:1]]
[2023.01.05-01.04.16:972][  0]LogConfig: Setting CVar [[r.EyeAdaptationQuality:2]]
[2023.01.05-01.04.16:972][  0]LogConfig: Setting CVar [[r.BloomQuality:5]]
[2023.01.05-01.04.16:972][  0]LogConfig: Setting CVar [[r.FastBlurThreshold:100]]
[2023.01.05-01.04.16:972][  0]LogConfig: Setting CVar [[r.Upscale.Quality:3]]
[2023.01.05-01.04.16:972][  0]LogConfig: Setting CVar [[r.Tonemapper.GrainQuantization:1]]
[2023.01.05-01.04.16:972][  0]LogConfig: Setting CVar [[r.LightShaftQuality:1]]
[2023.01.05-01.04.16:972][  0]LogConfig: Setting CVar [[r.Filter.SizeScale:1]]
[2023.01.05-01.04.16:972][  0]LogConfig: Setting CVar [[r.Tonemapper.Quality:5]]
[2023.01.05-01.04.16:972][  0]LogConfig: Setting CVar [[r.DOF.Gather.AccumulatorQuality:1        ; higher gathering accumulator quality]]
[2023.01.05-01.04.16:972][  0]LogConfig: Setting CVar [[r.DOF.Gather.PostfilterMethod:1          ; Median3x3 postfilering method]]
[2023.01.05-01.04.16:972][  0]LogConfig: Setting CVar [[r.DOF.Gather.EnableBokehSettings:0       ; no bokeh simulation when gathering]]
[2023.01.05-01.04.16:972][  0]LogConfig: Setting CVar [[r.DOF.Gather.RingCount:4                 ; medium number of samples when gathering]]
[2023.01.05-01.04.16:972][  0]LogConfig: Setting CVar [[r.DOF.Scatter.ForegroundCompositing:1    ; additive foreground scattering]]
[2023.01.05-01.04.16:972][  0]LogConfig: Setting CVar [[r.DOF.Scatter.BackgroundCompositing:2    ; additive background scattering]]
[2023.01.05-01.04.16:972][  0]LogConfig: Setting CVar [[r.DOF.Scatter.EnableBokehSettings:1      ; bokeh simulation when scattering]]
[2023.01.05-01.04.16:972][  0]LogConfig: Setting CVar [[r.DOF.Scatter.MaxSpriteRatio:0.1         ; only a maximum of 10% of scattered bokeh]]
[2023.01.05-01.04.16:972][  0]LogConfig: Setting CVar [[r.DOF.Recombine.Quality:1                ; cheap slight out of focus]]
[2023.01.05-01.04.16:972][  0]LogConfig: Setting CVar [[r.DOF.Recombine.EnableBokehSettings:0    ; no bokeh simulation on slight out of focus]]
[2023.01.05-01.04.16:972][  0]LogConfig: Setting CVar [[r.DOF.TemporalAAQuality:1                ; more stable temporal accumulation]]
[2023.01.05-01.04.16:972][  0]LogConfig: Setting CVar [[r.DOF.Kernel.MaxForegroundRadius:0.025]]
[2023.01.05-01.04.16:972][  0]LogConfig: Setting CVar [[r.DOF.Kernel.MaxBackgroundRadius:0.025]]
[2023.01.05-01.04.16:972][  0]LogConfig: Applying CVar settings from Section [TextureQuality@3] File [D:/Unreal Projects/MyProject/Saved/Config/Windows/Scalability.ini]
[2023.01.05-01.04.16:972][  0]LogConfig: Setting CVar [[r.Streaming.MipBias:0]]
[2023.01.05-01.04.16:972][  0]LogConfig: Setting CVar [[r.Streaming.AmortizeCPUToGPUCopy:0]]
[2023.01.05-01.04.16:972][  0]LogConfig: Setting CVar [[r.Streaming.MaxNumTexturesToStreamPerFrame:0]]
[2023.01.05-01.04.16:972][  0]LogConfig: Setting CVar [[r.Streaming.Boost:1]]
[2023.01.05-01.04.16:972][  0]LogConfig: Setting CVar [[r.MaxAnisotropy:8]]
[2023.01.05-01.04.16:972][  0]LogConfig: Setting CVar [[r.VT.MaxAnisotropy:8]]
[2023.01.05-01.04.16:972][  0]LogConfig: Setting CVar [[r.Streaming.LimitPoolSizeToVRAM:0]]
[2023.01.05-01.04.16:972][  0]LogConfig: Setting CVar [[r.Streaming.PoolSize:1000]]
[2023.01.05-01.04.16:972][  0]LogConfig: Setting CVar [[r.Streaming.MaxEffectiveScreenSize:0]]
[2023.01.05-01.04.16:972][  0]LogConfig: Applying CVar settings from Section [EffectsQuality@3] File [D:/Unreal Projects/MyProject/Saved/Config/Windows/Scalability.ini]
[2023.01.05-01.04.16:972][  0]LogConfig: Setting CVar [[r.TranslucencyLightingVolumeDim:64]]
[2023.01.05-01.04.16:972][  0]LogConfig: Setting CVar [[r.RefractionQuality:2]]
[2023.01.05-01.04.16:972][  0]LogConfig: Setting CVar [[r.SSR.Quality:3]]
[2023.01.05-01.04.16:972][  0]LogConfig: Setting CVar [[r.SSR.HalfResSceneColor:0]]
[2023.01.05-01.04.16:972][  0]LogConfig: Setting CVar [[r.SceneColorFormat:4]]
[2023.01.05-01.04.16:972][  0]LogConfig: Setting CVar [[r.DetailMode:2]]
[2023.01.05-01.04.16:972][  0]LogConfig: Setting CVar [[r.TranslucencyVolumeBlur:1]]
[2023.01.05-01.04.16:972][  0]LogConfig: Setting CVar [[r.MaterialQualityLevel:1 ; High quality]]
[2023.01.05-01.04.16:973][  0]LogConfig: Setting CVar [[r.AnisotropicMaterials:1]]
[2023.01.05-01.04.16:973][  0]LogConfig: Setting CVar [[r.SSS.Scale:1]]
[2023.01.05-01.04.16:973][  0]LogConfig: Setting CVar [[r.SSS.SampleSet:2]]
[2023.01.05-01.04.16:973][  0]LogConfig: Setting CVar [[r.SSS.Quality:1]]
[2023.01.05-01.04.16:973][  0]LogConfig: Setting CVar [[r.SSS.HalfRes:0]]
[2023.01.05-01.04.16:973][  0]LogConfig: Setting CVar [[r.SSGI.Quality:3]]
[2023.01.05-01.04.16:973][  0]LogConfig: Setting CVar [[r.EmitterSpawnRateScale:1.0]]
[2023.01.05-01.04.16:973][  0]LogConfig: Setting CVar [[r.ParticleLightQuality:2]]
[2023.01.05-01.04.16:973][  0]LogConfig: Setting CVar [[r.SkyAtmosphere.AerialPerspectiveLUT.FastApplyOnOpaque:1 ; Always have FastSkyLUT 1 in this case to avoid wrong sky]]
[2023.01.05-01.04.16:973][  0]LogConfig: Setting CVar [[r.SkyAtmosphere.AerialPerspectiveLUT.SampleCountMaxPerSlice:4]]
[2023.01.05-01.04.16:973][  0]LogConfig: Setting CVar [[r.SkyAtmosphere.AerialPerspectiveLUT.DepthResolution:16.0]]
[2023.01.05-01.04.16:973][  0]LogConfig: Setting CVar [[r.SkyAtmosphere.FastSkyLUT:1]]
[2023.01.05-01.04.16:973][  0]LogConfig: Setting CVar [[r.SkyAtmosphere.FastSkyLUT.SampleCountMin:4.0]]
[2023.01.05-01.04.16:973][  0]LogConfig: Setting CVar [[r.SkyAtmosphere.FastSkyLUT.SampleCountMax:128.0]]
[2023.01.05-01.04.16:973][  0]LogConfig: Setting CVar [[r.SkyAtmosphere.SampleCountMin:4.0]]
[2023.01.05-01.04.16:973][  0]LogConfig: Setting CVar [[r.SkyAtmosphere.SampleCountMax:128.0]]
[2023.01.05-01.04.16:973][  0]LogConfig: Setting CVar [[r.SkyAtmosphere.TransmittanceLUT.UseSmallFormat:0]]
[2023.01.05-01.04.16:973][  0]LogConfig: Setting CVar [[r.SkyAtmosphere.TransmittanceLUT.SampleCount:10.0]]
[2023.01.05-01.04.16:973][  0]LogConfig: Setting CVar [[r.SkyAtmosphere.MultiScatteringLUT.SampleCount:15.0]]
[2023.01.05-01.04.16:973][  0]LogConfig: Setting CVar [[r.SkyLight.RealTimeReflectionCapture:1]]
[2023.01.05-01.04.16:973][  0]LogConfig: Applying CVar settings from Section [FoliageQuality@3] File [D:/Unreal Projects/MyProject/Saved/Config/Windows/Scalability.ini]
[2023.01.05-01.04.16:973][  0]LogConfig: Setting CVar [[foliage.DensityScale:1.0]]
[2023.01.05-01.04.16:973][  0]LogConfig: Setting CVar [[grass.DensityScale:1.0]]
[2023.01.05-01.04.16:973][  0]LogConfig: Applying CVar settings from Section [ShadingQuality@3] File [D:/Unreal Projects/MyProject/Saved/Config/Windows/Scalability.ini]
[2023.01.05-01.04.16:973][  0]LogConfig: Setting CVar [[r.HairStrands.SkyLighting.IntegrationType:2]]
[2023.01.05-01.04.16:973][  0]LogConfig: Setting CVar [[r.HairStrands.SkyAO.SampleCount:4]]
[2023.01.05-01.04.16:973][  0]LogConfig: Setting CVar [[r.HairStrands.Visibility.MSAA.SamplePerPixel:4]]
[2023.01.05-01.04.16:973][  0]LogInit: Selected Device Profile: [Windows]
[2023.01.05-01.04.16:973][  0]LogInit: Applying CVar settings loaded from the selected device profile: [Windows]
[2023.01.05-01.04.16:973][  0]LogHAL: Display: Platform has ~ 24 GB [25553272832 / 34359738368 / 24], which maps to Larger [LargestMinGB=32, LargerMinGB=12, DefaultMinGB=8, SmallerMinGB=6, SmallestMinGB=0)
[2023.01.05-01.04.16:973][  0]LogInit: Going up to parent DeviceProfile []
[2023.01.05-01.04.16:973][  0]LogConfig: Applying CVar settings from Section [ViewDistanceQuality@3] File [D:/Unreal Projects/MyProject/Saved/Config/Windows/Scalability.ini]
[2023.01.05-01.04.16:973][  0]LogConfig: Setting CVar [[r.SkeletalMeshLODBias:0]]
[2023.01.05-01.04.16:973][  0]LogConfig: Setting CVar [[r.ViewDistanceScale:1.0]]
[2023.01.05-01.04.16:973][  0]LogConfig: Applying CVar settings from Section [AntiAliasingQuality@3] File [D:/Unreal Projects/MyProject/Saved/Config/Windows/Scalability.ini]
[2023.01.05-01.04.16:973][  0]LogConfig: Setting CVar [[r.PostProcessAAQuality:4]]
[2023.01.05-01.04.16:973][  0]LogConfig: Applying CVar settings from Section [ShadowQuality@3] File [D:/Unreal Projects/MyProject/Saved/Config/Windows/Scalability.ini]
[2023.01.05-01.04.16:973][  0]LogConfig: Setting CVar [[r.LightFunctionQuality:1]]
[2023.01.05-01.04.16:973][  0]LogConfig: Setting CVar [[r.ShadowQuality:5]]
[2023.01.05-01.04.16:973][  0]LogConfig: Setting CVar [[r.Shadow.CSM.MaxCascades:10]]
[2023.01.05-01.04.16:973][  0]LogConfig: Setting CVar [[r.Shadow.MaxResolution:2048]]
[2023.01.05-01.04.16:973][  0]LogConfig: Setting CVar [[r.Shadow.MaxCSMResolution:2048]]
[2023.01.05-01.04.16:973][  0]LogConfig: Setting CVar [[r.Shadow.RadiusThreshold:0.01]]
[2023.01.05-01.04.16:973][  0]LogConfig: Setting CVar [[r.Shadow.DistanceScale:1.0]]
[2023.01.05-01.04.16:973][  0]LogConfig: Setting CVar [[r.Shadow.CSM.TransitionScale:1.0]]
[2023.01.05-01.04.16:973][  0]LogConfig: Setting CVar [[r.Shadow.PreShadowResolutionFactor:1.0]]
[2023.01.05-01.04.16:973][  0]LogConfig: Setting CVar [[r.DistanceFieldShadowing:1]]
[2023.01.05-01.04.16:973][  0]LogConfig: Setting CVar [[r.DistanceFieldAO:1]]
[2023.01.05-01.04.16:973][  0]LogConfig: Setting CVar [[r.AOQuality:2]]
[2023.01.05-01.04.16:973][  0]LogConfig: Setting CVar [[r.VolumetricFog:1]]
[2023.01.05-01.04.16:973][  0]LogConfig: Setting CVar [[r.VolumetricFog.GridPixelSize:8]]
[2023.01.05-01.04.16:973][  0]LogConfig: Setting CVar [[r.VolumetricFog.GridSizeZ:128]]
[2023.01.05-01.04.16:973][  0]LogConfig: Setting CVar [[r.VolumetricFog.HistoryMissSupersampleCount:4]]
[2023.01.05-01.04.16:973][  0]LogConfig: Setting CVar [[r.LightMaxDrawDistanceScale:1]]
[2023.01.05-01.04.16:973][  0]LogConfig: Setting CVar [[r.CapsuleShadows:1]]
[2023.01.05-01.04.16:973][  0]LogConfig: Applying CVar settings from Section [PostProcessQuality@3] File [D:/Unreal Projects/MyProject/Saved/Config/Windows/Scalability.ini]
[2023.01.05-01.04.16:973][  0]LogConfig: Setting CVar [[r.MotionBlurQuality:4]]
[2023.01.05-01.04.16:973][  0]LogConfig: Setting CVar [[r.AmbientOcclusionMipLevelFactor:0.4]]
[2023.01.05-01.04.16:973][  0]LogConfig: Setting CVar [[r.AmbientOcclusionMaxQuality:100]]
[2023.01.05-01.04.16:973][  0]LogConfig: Setting CVar [[r.AmbientOcclusionLevels:-1]]
[2023.01.05-01.04.16:973][  0]LogConfig: Setting CVar [[r.AmbientOcclusionRadiusScale:1.0]]
[2023.01.05-01.04.16:973][  0]LogConfig: Setting CVar [[r.DepthOfFieldQuality:2]]
[2023.01.05-01.04.16:973][  0]LogConfig: Setting CVar [[r.RenderTargetPoolMin:400]]
[2023.01.05-01.04.16:973][  0]LogConfig: Setting CVar [[r.LensFlareQuality:2]]
[2023.01.05-01.04.16:973][  0]LogConfig: Setting CVar [[r.SceneColorFringeQuality:1]]
[2023.01.05-01.04.16:973][  0]LogConfig: Setting CVar [[r.EyeAdaptationQuality:2]]
[2023.01.05-01.04.16:973][  0]LogConfig: Setting CVar [[r.BloomQuality:5]]
[2023.01.05-01.04.16:973][  0]LogConfig: Setting CVar [[r.FastBlurThreshold:100]]
[2023.01.05-01.04.16:973][  0]LogConfig: Setting CVar [[r.Upscale.Quality:3]]
[2023.01.05-01.04.16:973][  0]LogConfig: Setting CVar [[r.Tonemapper.GrainQuantization:1]]
[2023.01.05-01.04.16:973][  0]LogConfig: Setting CVar [[r.LightShaftQuality:1]]
[2023.01.05-01.04.16:973][  0]LogConfig: Setting CVar [[r.Filter.SizeScale:1]]
[2023.01.05-01.04.16:973][  0]LogConfig: Setting CVar [[r.Tonemapper.Quality:5]]
[2023.01.05-01.04.16:973][  0]LogConfig: Setting CVar [[r.DOF.Gather.AccumulatorQuality:1        ; higher gathering accumulator quality]]
[2023.01.05-01.04.16:973][  0]LogConfig: Setting CVar [[r.DOF.Gather.PostfilterMethod:1          ; Median3x3 postfilering method]]
[2023.01.05-01.04.16:973][  0]LogConfig: Setting CVar [[r.DOF.Gather.EnableBokehSettings:0       ; no bokeh simulation when gathering]]
[2023.01.05-01.04.16:973][  0]LogConfig: Setting CVar [[r.DOF.Gather.RingCount:4                 ; medium number of samples when gathering]]
[2023.01.05-01.04.16:973][  0]LogConfig: Setting CVar [[r.DOF.Scatter.ForegroundCompositing:1    ; additive foreground scattering]]
[2023.01.05-01.04.16:973][  0]LogConfig: Setting CVar [[r.DOF.Scatter.BackgroundCompositing:2    ; additive background scattering]]
[2023.01.05-01.04.16:973][  0]LogConfig: Setting CVar [[r.DOF.Scatter.EnableBokehSettings:1      ; bokeh simulation when scattering]]
[2023.01.05-01.04.16:973][  0]LogConfig: Setting CVar [[r.DOF.Scatter.MaxSpriteRatio:0.1         ; only a maximum of 10% of scattered bokeh]]
[2023.01.05-01.04.16:973][  0]LogConfig: Setting CVar [[r.DOF.Recombine.Quality:1                ; cheap slight out of focus]]
[2023.01.05-01.04.16:973][  0]LogConfig: Setting CVar [[r.DOF.Recombine.EnableBokehSettings:0    ; no bokeh simulation on slight out of focus]]
[2023.01.05-01.04.16:973][  0]LogConfig: Setting CVar [[r.DOF.TemporalAAQuality:1                ; more stable temporal accumulation]]
[2023.01.05-01.04.16:973][  0]LogConfig: Setting CVar [[r.DOF.Kernel.MaxForegroundRadius:0.025]]
[2023.01.05-01.04.16:974][  0]LogConfig: Setting CVar [[r.DOF.Kernel.MaxBackgroundRadius:0.025]]
[2023.01.05-01.04.16:974][  0]LogConfig: Applying CVar settings from Section [TextureQuality@3] File [D:/Unreal Projects/MyProject/Saved/Config/Windows/Scalability.ini]
[2023.01.05-01.04.16:974][  0]LogConfig: Setting CVar [[r.Streaming.MipBias:0]]
[2023.01.05-01.04.16:974][  0]LogConfig: Setting CVar [[r.Streaming.AmortizeCPUToGPUCopy:0]]
[2023.01.05-01.04.16:974][  0]LogConfig: Setting CVar [[r.Streaming.MaxNumTexturesToStreamPerFrame:0]]
[2023.01.05-01.04.16:974][  0]LogConfig: Setting CVar [[r.Streaming.Boost:1]]
[2023.01.05-01.04.16:974][  0]LogConfig: Setting CVar [[r.MaxAnisotropy:8]]
[2023.01.05-01.04.16:974][  0]LogConfig: Setting CVar [[r.VT.MaxAnisotropy:8]]
[2023.01.05-01.04.16:974][  0]LogConfig: Setting CVar [[r.Streaming.LimitPoolSizeToVRAM:0]]
[2023.01.05-01.04.16:974][  0]LogConfig: Setting CVar [[r.Streaming.PoolSize:1000]]
[2023.01.05-01.04.16:974][  0]LogConfig: Setting CVar [[r.Streaming.MaxEffectiveScreenSize:0]]
[2023.01.05-01.04.16:974][  0]LogConfig: Applying CVar settings from Section [EffectsQuality@3] File [D:/Unreal Projects/MyProject/Saved/Config/Windows/Scalability.ini]
[2023.01.05-01.04.16:974][  0]LogConfig: Setting CVar [[r.TranslucencyLightingVolumeDim:64]]
[2023.01.05-01.04.16:974][  0]LogConfig: Setting CVar [[r.RefractionQuality:2]]
[2023.01.05-01.04.16:974][  0]LogConfig: Setting CVar [[r.SSR.Quality:3]]
[2023.01.05-01.04.16:974][  0]LogConfig: Setting CVar [[r.SSR.HalfResSceneColor:0]]
[2023.01.05-01.04.16:974][  0]LogConfig: Setting CVar [[r.SceneColorFormat:4]]
[2023.01.05-01.04.16:974][  0]LogConfig: Setting CVar [[r.DetailMode:2]]
[2023.01.05-01.04.16:974][  0]LogConfig: Setting CVar [[r.TranslucencyVolumeBlur:1]]
[2023.01.05-01.04.16:974][  0]LogConfig: Setting CVar [[r.MaterialQualityLevel:1 ; High quality]]
[2023.01.05-01.04.16:974][  0]LogConfig: Setting CVar [[r.AnisotropicMaterials:1]]
[2023.01.05-01.04.16:974][  0]LogConfig: Setting CVar [[r.SSS.Scale:1]]
[2023.01.05-01.04.16:974][  0]LogConfig: Setting CVar [[r.SSS.SampleSet:2]]
[2023.01.05-01.04.16:974][  0]LogConfig: Setting CVar [[r.SSS.Quality:1]]
[2023.01.05-01.04.16:974][  0]LogConfig: Setting CVar [[r.SSS.HalfRes:0]]
[2023.01.05-01.04.16:974][  0]LogConfig: Setting CVar [[r.SSGI.Quality:3]]
[2023.01.05-01.04.16:974][  0]LogConfig: Setting CVar [[r.EmitterSpawnRateScale:1.0]]
[2023.01.05-01.04.16:974][  0]LogConfig: Setting CVar [[r.ParticleLightQuality:2]]
[2023.01.05-01.04.16:974][  0]LogConfig: Setting CVar [[r.SkyAtmosphere.AerialPerspectiveLUT.FastApplyOnOpaque:1 ; Always have FastSkyLUT 1 in this case to avoid wrong sky]]
[2023.01.05-01.04.16:974][  0]LogConfig: Setting CVar [[r.SkyAtmosphere.AerialPerspectiveLUT.SampleCountMaxPerSlice:4]]
[2023.01.05-01.04.16:974][  0]LogConfig: Setting CVar [[r.SkyAtmosphere.AerialPerspectiveLUT.DepthResolution:16.0]]
[2023.01.05-01.04.16:974][  0]LogConfig: Setting CVar [[r.SkyAtmosphere.FastSkyLUT:1]]
[2023.01.05-01.04.16:974][  0]LogConfig: Setting CVar [[r.SkyAtmosphere.FastSkyLUT.SampleCountMin:4.0]]
[2023.01.05-01.04.16:974][  0]LogConfig: Setting CVar [[r.SkyAtmosphere.FastSkyLUT.SampleCountMax:128.0]]
[2023.01.05-01.04.16:974][  0]LogConfig: Setting CVar [[r.SkyAtmosphere.SampleCountMin:4.0]]
[2023.01.05-01.04.16:974][  0]LogConfig: Setting CVar [[r.SkyAtmosphere.SampleCountMax:128.0]]
[2023.01.05-01.04.16:974][  0]LogConfig: Setting CVar [[r.SkyAtmosphere.TransmittanceLUT.UseSmallFormat:0]]
[2023.01.05-01.04.16:974][  0]LogConfig: Setting CVar [[r.SkyAtmosphere.TransmittanceLUT.SampleCount:10.0]]
[2023.01.05-01.04.16:974][  0]LogConfig: Setting CVar [[r.SkyAtmosphere.MultiScatteringLUT.SampleCount:15.0]]
[2023.01.05-01.04.16:974][  0]LogConfig: Setting CVar [[r.SkyLight.RealTimeReflectionCapture:1]]
[2023.01.05-01.04.16:974][  0]LogConfig: Applying CVar settings from Section [FoliageQuality@3] File [D:/Unreal Projects/MyProject/Saved/Config/Windows/Scalability.ini]
[2023.01.05-01.04.16:974][  0]LogConfig: Setting CVar [[foliage.DensityScale:1.0]]
[2023.01.05-01.04.16:974][  0]LogConfig: Setting CVar [[grass.DensityScale:1.0]]
[2023.01.05-01.04.16:974][  0]LogConfig: Applying CVar settings from Section [ShadingQuality@3] File [D:/Unreal Projects/MyProject/Saved/Config/Windows/Scalability.ini]
[2023.01.05-01.04.16:974][  0]LogConfig: Setting CVar [[r.HairStrands.SkyLighting.IntegrationType:2]]
[2023.01.05-01.04.16:974][  0]LogConfig: Setting CVar [[r.HairStrands.SkyAO.SampleCount:4]]
[2023.01.05-01.04.16:974][  0]LogConfig: Setting CVar [[r.HairStrands.Visibility.MSAA.SamplePerPixel:4]]
[2023.01.05-01.04.16:974][  0]LogConfig: Applying CVar settings from Section [Startup] File [../../../Engine/Config/ConsoleVariables.ini]
[2023.01.05-01.04.16:974][  0]LogConfig: Setting CVar [[net.UseAdaptiveNetUpdateFrequency:0]]
[2023.01.05-01.04.16:974][  0]LogConfig: Setting CVar [[p.chaos.AllowCreatePhysxBodies:1]]
[2023.01.05-01.04.16:974][  0]LogConfig: Setting CVar [[fx.SkipVectorVMBackendOptimizations:1]]
[2023.01.05-01.04.16:974][  0]LogConfig: Applying CVar settings from Section [ConsoleVariables] File [D:/Unreal Projects/MyProject/Saved/Config/Windows/Engine.ini]
[2023.01.05-01.04.16:974][  0]LogConfig: Applying CVar settings from Section [ConsoleVariables] File [D:/Unreal Projects/MyProject/Saved/Config/Windows/Editor.ini]
[2023.01.05-01.04.16:974][  0]LogInit: Computer: CLARISSA-M93P
[2023.01.05-01.04.16:974][  0]LogInit: User: Clarissa
[2023.01.05-01.04.16:974][  0]LogInit: CPU Page size=4096, Cores=4
[2023.01.05-01.04.16:974][  0]LogInit: High frequency timer resolution =3.117822 MHz
[2023.01.05-01.04.16:974][  0]LogMemory: Memory total: Physical=23.8GB (24GB approx)
[2023.01.05-01.04.16:974][  0]LogMemory: Platform Memory Stats for Windows
[2023.01.05-01.04.16:975][  0]LogMemory: Process Physical Memory: 140.05 MB used, 140.05 MB peak
[2023.01.05-01.04.16:975][  0]LogMemory: Process Virtual Memory: 129.61 MB used, 129.61 MB peak
[2023.01.05-01.04.16:975][  0]LogMemory: Physical Memory: 8335.17 MB used,  16034.33 MB free, 24369.50 MB total
[2023.01.05-01.04.16:975][  0]LogMemory: Virtual Memory: 8358207.50 MB used,  30400.17 MB free, 8388608.00 MB total
[2023.01.05-01.04.16:987][  0]LogWindows: WindowsPlatformFeatures enabled
[2023.01.05-01.04.17:007][  0]LogInit: Physics initialised using underlying interface: PhysX
[2023.01.05-01.04.17:008][  0]LogInit: Using OS detected language (en-US).
[2023.01.05-01.04.17:008][  0]LogInit: Using OS detected locale (en-US).
[2023.01.05-01.04.17:010][  0]LogTextLocalizationManager: No specific localization for 'en-US' exists, so the 'en' localization will be used.
[2023.01.05-01.04.17:253][  0]LogWindows: Failed to load 'shcore.dll' (GetLastError=126)
[2023.01.05-01.04.17:253][  0]LogWindows: File 'shcore.dll' does not exist
[2023.01.05-01.04.17:253][  0]LogInit: Setting process to DPI aware
[2023.01.05-01.04.17:259][  0]LogWindowsTextInputMethodSystem: Display: IME system deactivated.
[2023.01.05-01.04.17:273][  0]LogSlate: New Slate User Created.  User Index 0, Is Virtual User: 0
[2023.01.05-01.04.17:273][  0]LogSlate: Slate User Registered.  User Index 0, Is Virtual User: 0
[2023.01.05-01.04.17:407][  0]LogD3D11RHI: Loaded GFSDK_Aftermath_Lib.x64.dll
[2023.01.05-01.04.17:420][  0]LogHMD: Failed to initialize OpenVR with code 110
[2023.01.05-01.04.17:420][  0]LogD3D11RHI: D3D11 min allowed feature level: 11_0
[2023.01.05-01.04.17:420][  0]LogD3D11RHI: D3D11 max allowed feature level: 11_0
[2023.01.05-01.04.17:420][  0]LogD3D11RHI: D3D11 adapters:
[2023.01.05-01.04.17:431][  0]LogD3D11RHI:    0. 'Intel(R) HD Graphics 4600' (Feature Level 11_0)
[2023.01.05-01.04.17:431][  0]LogD3D11RHI:       256/0/1632 MB DedicatedVideo/DedicatedSystem/SharedSystem, Outputs:1, VendorId:0x8086
[2023.01.05-01.04.17:431][  0]LogD3D11RHI: Chosen D3D11 Adapter:
[2023.01.05-01.04.17:431][  0]LogD3D11RHI:     Description : Intel(R) HD Graphics 4600
[2023.01.05-01.04.17:431][  0]LogD3D11RHI:     VendorId    : 8086
[2023.01.05-01.04.17:431][  0]LogD3D11RHI:     DeviceId    : 0412
[2023.01.05-01.04.17:431][  0]LogD3D11RHI:     SubSysId    : 309717aa
[2023.01.05-01.04.17:431][  0]LogD3D11RHI:     Revision    : 0006
[2023.01.05-01.04.17:431][  0]LogD3D11RHI:     DedicatedVideoMemory : 268435456 bytes
[2023.01.05-01.04.17:431][  0]LogD3D11RHI:     DedicatedSystemMemory : 0 bytes
[2023.01.05-01.04.17:431][  0]LogD3D11RHI:     SharedSystemMemory : 1711276032 bytes
[2023.01.05-01.04.17:431][  0]LogD3D11RHI:     AdapterLuid : 0 29626
[2023.01.05-01.04.17:435][  0]LogD3D11RHI: Creating new Direct3DDevice
[2023.01.05-01.04.17:435][  0]LogD3D11RHI:     GPU DeviceId: 0x412 (for the marketing name, search the web for "GPU Device Id")
[2023.01.05-01.04.17:435][  0]LogWindows: EnumDisplayDevices:
[2023.01.05-01.04.17:435][  0]LogWindows:    0. 'Intel(R) HD Graphics 4600' (P:1 D:1)
[2023.01.05-01.04.17:436][  0]LogWindows:    1. 'Intel(R) HD Graphics 4600' (P:0 D:0)
[2023.01.05-01.04.17:437][  0]LogWindows:    2. 'Intel(R) HD Graphics 4600' (P:0 D:0)
[2023.01.05-01.04.17:438][  0]LogWindows:    3. 'RDPDD Chained DD' (P:0 D:0)
[2023.01.05-01.04.17:438][  0]LogWindows:    4. 'RDP Encoder Mirror Driver' (P:0 D:0)
[2023.01.05-01.04.17:438][  0]LogWindows:    5. 'RDP Reflector Display Driver' (P:0 D:0)
[2023.01.05-01.04.17:438][  0]LogWindows: DebugString: GetVideoDriverDetailsInvalid PrimaryIsNotTheChoosenAdapter GetVideoDriverDetailsInvalid PrimaryIsNotTheChoosenAdapter GetVideoDriverDetailsInvalid PrimaryIsNotTheChoosenAdapter FoundDriverCount:3 
[2023.01.05-01.04.17:438][  0]LogD3D11RHI:     Adapter Name: Intel(R) HD Graphics 4600
[2023.01.05-01.04.17:438][  0]LogD3D11RHI:   Driver Version: 10.18.14.5067 (internal:10.18.14.5067, unified:10.18.14.5067)
[2023.01.05-01.04.17:438][  0]LogD3D11RHI:      Driver Date: 12-27-2018
[2023.01.05-01.04.17:438][  0]LogRHI: Texture pool is 750 MB (70% of 1072 MB)
[2023.01.05-01.04.17:438][  0]LogD3D11RHI: Creating D3DDevice using adapter:
[2023.01.05-01.04.17:438][  0]LogD3D11RHI:     Description : Intel(R) HD Graphics 4600
[2023.01.05-01.04.17:438][  0]LogD3D11RHI:     VendorId    : 8086
[2023.01.05-01.04.17:439][  0]LogD3D11RHI:     DeviceId    : 0412
[2023.01.05-01.04.17:439][  0]LogD3D11RHI:     SubSysId    : 309717aa
[2023.01.05-01.04.17:439][  0]LogD3D11RHI:     Revision    : 0006
[2023.01.05-01.04.17:439][  0]LogD3D11RHI:     DedicatedVideoMemory : 268435456 bytes
[2023.01.05-01.04.17:439][  0]LogD3D11RHI:     DedicatedSystemMemory : 0 bytes
[2023.01.05-01.04.17:439][  0]LogD3D11RHI:     SharedSystemMemory : 1711276032 bytes
[2023.01.05-01.04.17:439][  0]LogD3D11RHI:     AdapterLuid : 0 29626
[2023.01.05-01.04.17:492][  0]LogD3D11RHI: RHI does not have support for 64 bit atomics
[2023.01.05-01.04.17:501][  0]LogD3D11RHI: Intel Extensions Framework not found
[2023.01.05-01.04.17:501][  0]LogD3D11RHI: Async texture creation enabled
[2023.01.05-01.04.17:507][  0]LogD3D11RHI: GPU Timing Frequency: 12.500000 (Debug: 2 0)
[2023.01.05-01.04.18:623][  0]LogTargetPlatformManager: Display: Loaded TargetPlatform 'AllDesktop'
[2023.01.05-01.04.18:645][  0]LogTargetPlatformManager: Display: Loaded TargetPlatform 'Android'
[2023.01.05-01.04.18:645][  0]LogTargetPlatformManager: Display: Loaded TargetPlatform 'Android_ASTC'
[2023.01.05-01.04.18:645][  0]LogTargetPlatformManager: Display: Loaded TargetPlatform 'Android_DXT'
[2023.01.05-01.04.18:645][  0]LogTargetPlatformManager: Display: Loaded TargetPlatform 'Android_ETC2'
[2023.01.05-01.04.18:645][  0]LogTargetPlatformManager: Display: Loaded TargetPlatform 'AndroidClient'
[2023.01.05-01.04.18:645][  0]LogTargetPlatformManager: Display: Loaded TargetPlatform 'Android_ASTCClient'
[2023.01.05-01.04.18:645][  0]LogTargetPlatformManager: Display: Loaded TargetPlatform 'Android_DXTClient'
[2023.01.05-01.04.18:645][  0]LogTargetPlatformManager: Display: Loaded TargetPlatform 'Android_ETC2Client'
[2023.01.05-01.04.18:645][  0]LogTargetPlatformManager: Display: Loaded TargetPlatform 'Android_Multi'
[2023.01.05-01.04.18:645][  0]LogTargetPlatformManager: Display: Loaded TargetPlatform 'Android_MultiClient'
[2023.01.05-01.04.18:658][  0]LogTargetPlatformManager: Display: Loaded TargetPlatform 'IOSClient'
[2023.01.05-01.04.18:658][  0]LogTargetPlatformManager: Display: Loaded TargetPlatform 'IOS'
[2023.01.05-01.04.18:665][  0]LogTargetPlatformManager: Display: Loaded TargetPlatform 'Linux'
[2023.01.05-01.04.18:668][  0]LogTargetPlatformManager: Display: Loaded TargetPlatform 'LinuxNoEditor'
[2023.01.05-01.04.18:671][  0]LogTargetPlatformManager: Display: Loaded TargetPlatform 'LinuxClient'
[2023.01.05-01.04.18:674][  0]LogTargetPlatformManager: Display: Loaded TargetPlatform 'LinuxServer'
[2023.01.05-01.04.18:681][  0]LogTargetPlatformManager: Display: Loaded TargetPlatform 'LinuxAArch64NoEditor'
[2023.01.05-01.04.18:684][  0]LogTargetPlatformManager: Display: Loaded TargetPlatform 'LinuxAArch64Client'
[2023.01.05-01.04.18:686][  0]LogTargetPlatformManager: Display: Loaded TargetPlatform 'LinuxAArch64Server'
[2023.01.05-01.04.18:709][  0]LogTargetPlatformManager: Display: Loaded TargetPlatform 'Lumin'
[2023.01.05-01.04.18:709][  0]LogTargetPlatformManager: Display: Loaded TargetPlatform 'LuminClient'
[2023.01.05-01.04.18:716][  0]LogTargetPlatformManager: Display: Loaded TargetPlatform 'MacNoEditor'
[2023.01.05-01.04.18:719][  0]LogTargetPlatformManager: Display: Loaded TargetPlatform 'Mac'
[2023.01.05-01.04.18:721][  0]LogTargetPlatformManager: Display: Loaded TargetPlatform 'MacClient'
[2023.01.05-01.04.18:724][  0]LogTargetPlatformManager: Display: Loaded TargetPlatform 'MacServer'
[2023.01.05-01.04.18:732][  0]LogTargetPlatformManager: Display: Loaded TargetPlatform 'TVOSClient'
[2023.01.05-01.04.18:732][  0]LogTargetPlatformManager: Display: Loaded TargetPlatform 'TVOS'
[2023.01.05-01.04.18:739][  0]LogTargetPlatformManager: Display: Loaded TargetPlatform 'WindowsNoEditor'
[2023.01.05-01.04.18:742][  0]LogTargetPlatformManager: Display: Loaded TargetPlatform 'Windows'
[2023.01.05-01.04.18:744][  0]LogTargetPlatformManager: Display: Loaded TargetPlatform 'WindowsClient'
[2023.01.05-01.04.18:747][  0]LogTargetPlatformManager: Display: Loaded TargetPlatform 'WindowsServer'
[2023.01.05-01.04.18:747][  0]LogTargetPlatformManager: Display: Building Assets For Windows
[2023.01.05-01.04.18:750][  0]LogAudioDebug: Display: Lib vorbis DLL was dynamically loaded.
[2023.01.05-01.04.18:761][  0]LogTextureFormatOodle: Display: Oodle Texture 2.9.0 init RDO Off
[2023.01.05-01.04.18:773][  0]LogRendererCore: Ray tracing is disabled. Reason: r.RayTracing=0.
[2023.01.05-01.04.18:773][  0]LogShaderCompilers: Guid format shader working directory is 22 characters bigger than the processId version (D:/Unreal Projects/MyProject/Intermediate/Shaders/WorkingDirectory/6544/).
[2023.01.05-01.04.18:773][  0]LogShaderCompilers: Cleaned the shader compiler working directory 'C:/Users/Clarisssa/AppData/Local/Temp/UnrealShaderWorkingDir/F4C2B89F4AD5F2BE6250E7A1E4250FE2/'.
[2023.01.05-01.04.18:773][  0]LogXGEController: Cannot use XGE Controller as Incredibuild is not installed on this machine.
[2023.01.05-01.04.18:773][  0]LogShaderCompilers: Cannot use XGE Shader Compiler as Incredibuild is not installed on this machine.
[2023.01.05-01.04.18:773][  0]LogShaderCompilers: Display: Using Local Shader Compiler.
[2023.01.05-01.04.19:653][  0]LogDerivedDataCache: Display: Max Cache Size: 512 MB
[2023.01.05-01.04.19:732][  0]LogDerivedDataCache: Loaded boot cache 0.08s 94MB C:/Users/Clarisssa/AppData/Local/UnrealEngine/4.27/DerivedDataCache/Boot.ddc.
[2023.01.05-01.04.19:732][  0]LogDerivedDataCache: Display: Loaded Boot cache: C:/Users/Clarisssa/AppData/Local/UnrealEngine/4.27/DerivedDataCache/Boot.ddc
[2023.01.05-01.04.19:732][  0]LogDerivedDataCache: FDerivedDataBackendGraph:  Pak pak cache file D:/Unreal Projects/MyProject/DerivedDataCache/DDC.ddp not found, will not use a pak cache.
[2023.01.05-01.04.19:732][  0]LogDerivedDataCache: Unable to find inner node Pak for hierarchical cache Hierarchy.
[2023.01.05-01.04.19:732][  0]LogDerivedDataCache: FDerivedDataBackendGraph:  CompressedPak pak cache file D:/Unreal Projects/MyProject/DerivedDataCache/Compressed.ddp not found, will not use a pak cache.
[2023.01.05-01.04.19:732][  0]LogDerivedDataCache: Unable to find inner node CompressedPak for hierarchical cache Hierarchy.
[2023.01.05-01.04.19:752][  0]LogDerivedDataCache: Display: Pak cache opened for reading ../../../Engine/DerivedDataCache/Compressed.ddp.
[2023.01.05-01.04.19:752][  0]LogDerivedDataCache: FDerivedDataBackendGraph:  EnterprisePak pak cache file ../../../Enterprise/DerivedDataCache/Compressed.ddp not found, will not use a pak cache.
[2023.01.05-01.04.19:752][  0]LogDerivedDataCache: Unable to find inner node EnterprisePak for hierarchical cache Hierarchy.
[2023.01.05-01.04.19:762][  0]LogDerivedDataCache: Speed tests for C:/Users/Clarisssa/AppData/Local/UnrealEngine/Common/DerivedDataCache took 0.01 seconds
[2023.01.05-01.04.19:762][  0]LogDerivedDataCache: Display: Performance to C:/Users/Clarisssa/AppData/Local/UnrealEngine/Common/DerivedDataCache: Latency=0.02ms. RandomReadSpeed=1315.15MBs, RandomWriteSpeed=108.21MBs. Assigned SpeedClass 'Local'
[2023.01.05-01.04.19:762][  0]LogDerivedDataCache: Using Local data cache path C:/Users/Clarisssa/AppData/Local/UnrealEngine/Common/DerivedDataCache: Writable
[2023.01.05-01.04.19:762][  0]LogDerivedDataCache: Shared data cache path not found in *engine.ini, will not use an Shared cache.
[2023.01.05-01.04.19:762][  0]LogDerivedDataCache: Unable to find inner node Shared for hierarchical cache Hierarchy.
[2023.01.05-01.04.19:816][  0]LogSlate: Using FreeType 2.10.0
[2023.01.05-01.04.19:816][  0]LogSlate: SlateFontServices - WITH_FREETYPE: 1, WITH_HARFBUZZ: 1
[2023.01.05-01.04.19:857][  0]LogAssetRegistry: FAssetRegistry took 0.0028 seconds to start up
[2023.01.05-01.04.20:149][  0]LogInit: Selected Device Profile: [Windows]
[2023.01.05-01.04.20:149][  0]LogInit: Active device profile: [000000002F0BAC00][000000002AA76F40 49] Windows
[2023.01.05-01.04.20:149][  0]LogInit: Profiles: [000000002F0BAC00][000000002AA76F40 49] Windows, [000000002F00C200][000000002AA830C0 49] WindowsNoEditor, [000000002EFEFF00][000000002AA87240 49] WindowsServer, [000000002F00FE00][000000002E58F3C0 49] WindowsClient, [000000002EFEC300][000000002E4A5540 49] IOS, [000000002F00C100][000000002AA7F6C0 49] iPadAir, [000000002EFEC200][000000002E535840 49] iPadAir2, [000000002EFAD100][000000002AAA9B00 49] IPadPro, [000000002EFAD200][000000002E539B40 49] iPadAir3, [000000002EFEDD00][000000002AAAC140 49] iPadAir4, [000000002EFAC400][000000002E47C2C0 49] iPadMini2, [000000002EFECE00][000000002E480440 49] iPadMini3, [000000002EFAD600][000000002E4845C0 49] iPadMini4, [000000002EFEC900][000000002E488740 49] iPadMini5, [000000002F00EE00][000000002E48C980 49] iPhone6, [000000002F00F000][000000002AA7A9C0 49] iPodTouch6, [000000002EFAFE00][000000002E498C40 49] iPhone7, [000000002EFAFA00][000000002E490C80 49] iPodTouch7, [000000002F00FA00][000000002E49CE00 49] iPhone5S, [000000002EFACE00][000000002E4A0F80 49] iPhone6Plus, [000000002F00EA00][000000002E2C9100 49] iPhone6S, [000000002EFAF600][000000002E2CD280 49] iPhone6SPlus, [000000002F00F400][000000002E2D1400 49] iPhone7Plus, [000000002EFAF500][000000002E2D5580 49] iPhoneSE, [000000002F00FF00][000000002E2D9700 49] iPhone8, [000000002EFAF200][000000002E2DD880 49] iPhone8Plus, [000000002F00D000][000000002E2E1A00 49] iPhoneX, [000000002EFADD00][000000002E2E5B80 49] iPhoneXS, [000000002F00E300][000000002E2E8180 49] iPhoneXSMax, [000000002EFAEF00][000000002E2EC300 49] iPhoneXR, [000000002F00CF00][000000002E2F0480 49] iPhone11, [000000002EFAE000][000000002E2F4600 49] iPhone11Pro, [000000002F00DE00][000000002E2F8780 49] iPhone11ProMax, [000000002EFAD500][000000002E2FC900 49] iPhoneSE2, [000000002F00D900][000000002E494A40 49] iPhone12Mini, [000000002EFACB00][000000002E300B80 49] iPhone12, [000000002F00EF00][000000002E304CC0 49] iPhone12Pro, [000000002EFAFB00][000000002E30CE40 49] iPhone12ProMax, [000000002F00F800][000000002E310FC0 49] iPadPro105, [000000002EFAC300][000000002E315140 49] iPadPro129, [000000002F00E800][000000002E3192C0 49] iPadPro97, [000000002EFAE500][000000002E31D440 49] iPadPro2_129, [000000002F00ED00][000000002E3215C0 49] iPad5, [000000002EFADC00][000000002E325740 49] iPad6, [000000002F00DA00][000000002E3298C0 49] iPad7, [000000002EFAF000][000000002E32DA40 49] iPad8, [000000002F00D700][000000002E331BC0 49] iPadPro11, [000000002EFAD300][000000002E3341C0 49] iPadPro2_11, [000000002F00FD00][000000002E338340 49] iPadPro3_129, [000000002EFACC00][000000002E33C4C0 49] iPadPro4_129, [000000002F00E700][000000002E340640 49] AppleTV, [000000002EFAE300][000000002E3447C0 49] AppleTV4K, [000000002F00CD00][000000002E348940 49] TVOS, [000000002EFADE00][000000002E34CAC0 49] Mac, [000000002F00EC00][000000002E308C00 49] MacClient, [000000002EFAED00][000000002E350D40 49] MacNoEditor, [000000002F00DC00][000000002E354E80 49] MacServer, [000000002EFAC100][000000002E358FC0 49] Linux, [000000002F00E900][000000002E7DD140 49] LinuxAArch64, [000000002EFACD00][000000002E7E12C0 49] LinuxNoEditor, [000000002F00D600][000000002E7E5440 49] LinuxAArch64NoEditor, [000000002EFAF300][000000002E7E95C0 49] LinuxClient, [000000002F00EB00][000000002E7ED740 49] LinuxAArch64Client, [000000002EFAC600][000000002E7F18C0 49] LinuxServer, [000000002F00E200][000000002E7F5A40 49] LinuxAArch64Server, [000000002EFACF00][000000002E7F9BC0 49] Android, [000000002F00C700][000000002E7FC1C0 49] Android_Low, [000000002EFAC500][000000002E800340 49] Android_Mid, [000000002F00E600][000000002E8044C0 49] Android_High, [000000002EFAE700][000000002E808640 49] Android_Default, [000000002EFEF900][000000002E80C7C0 49] Android_Adreno4xx, [000000002F0B9400][000000002E810940 49] Android_Adreno5xx_Low, [000000002EFEEE00][000000002E814AC0 49] Android_Adreno5xx, [000000002F0B8B00][000000002E818C40 49] Android_Adreno6xx, [000000002EFEEB00][000000002E7D8D80 49] Android_Adreno6xx_Vulkan, [000000002F0BA400][000000002E81CEC0 49] Android_Mali_T6xx, [000000002EFED900][000000002E821000 49] Android_Mali_T7xx, [000000002F0B8100][000000002E825140 49] Android_Mali_T8xx, [000000002EFED100][000000002E82D2C0 49] Android_Mali_G71, [000000002F0BA200][000000002E831440 49] Android_Mali_G72, [000000002EFEDA00][000000002E8355C0 49] Android_Mali_G72_Vulkan, [000000002F0B9100][000000002E839740 49] Android_Mali_G76, [000000002EFEF100][000000002E83D8C0 49] Android_Mali_G76_Vulkan, [000000002F0B9D00][000000002E841A40 49] Android_Mali_G77, [000000002EFEDF00][000000002E845BC0 49] Android_Mali_G77_Vulkan, [000000002F0B9000][000000002E8481C0 49] Android_Mali_G78, [000000002EFEED00][000000002E84C340 49] Android_Mali_G78_Vulkan, [000000002F0BB000][000000002E8504C0 49] Android_Mali_G710, [000000002EFEF800][000000002E854640 49] Android_Mali_G710_Vulkan, [000000002F0B9E00][000000002E8587C0 49] Android_Vulkan_SM5, [000000002EFED800][000000002E85C940 49] Android_PowerVR_G6xxx, [000000002F0B8500][000000002E860AC0 49] Android_PowerVR_GT7xxx, [000000002EFEE900][000000002E864C40 49] Android_PowerVR_GE8xxx, [000000002F0B9200][000000002E868DC0 49] Android_PowerVR_GM9xxx, [000000002EFAD000][000000002E86CF40 49] Android_PowerVR_GM9xxx_Vulkan, [000000002F0B8A00][000000002E829080 49] Android_TegraK1, [000000002EFAEB00][000000002E8711C0 49] Android_Unknown_Vulkan, [000000002F0BAA00][000000002E875300 49] Lumin, [000000002EFAFF00][000000002E87D480 49] Lumin_Desktop, [000000002F0B9300][000000002E881600 49] HoloLens, 
[2023.01.05-01.04.20:392][  0]LogMeshReduction: Using QuadricMeshReduction for automatic static mesh reduction
[2023.01.05-01.04.20:392][  0]LogMeshReduction: Using SimplygonMeshReduction for automatic skeletal mesh reduction
[2023.01.05-01.04.20:392][  0]LogMeshReduction: Using ProxyLODMeshReduction for automatic mesh merging
[2023.01.05-01.04.20:392][  0]LogMeshReduction: No distributed automatic mesh merging module available
[2023.01.05-01.04.20:392][  0]LogMeshMerging: No distributed automatic mesh merging module available
[2023.01.05-01.04.20:405][  0]LogNetVersion: MyProject 1.0.0, NetCL: 17155196, EngineNetVer: 17, GameNetVer: 0 (Checksum: 3629800737)
[2023.01.05-01.04.21:005][  0]LogTexture: Default maximum texture size for cubemaps generated from long-lat sources has been changed from 512 to unlimited. In order to preserve old behaiour for '/Engine/MapTemplates/Sky/DaylightAmbientCubemap.DaylightAmbientCubemap', its maximum texture size has been explicitly set to 512.
[2023.01.05-01.04.21:127][  0]LogHMD: PokeAHoleMaterial loaded successfully
[2023.01.05-01.04.21:134][  0]LogUObjectArray: 17178 objects as part of root set at end of initial load.
[2023.01.05-01.04.21:134][  0]LogUObjectAllocator: 4302048 out of 0 bytes used by permanent object pool.
[2023.01.05-01.04.21:134][  0]LogUObjectArray: CloseDisregardForGC: 0/0 objects in disregard for GC pool
[2023.01.05-01.04.21:448][  0]LogNiagaraDebuggerClient: Niagara Debugger Client Initialized | Session: A652E4604DEC9B5A091C89973880BBBB | Instance: 6491504A4E4A67514049B795BA99A62B (CLARISSA-M93P-6544).
[2023.01.05-01.04.21:498][  0]LogPython: Using Python 3.7.7
[2023.01.05-01.04.22:273][  0]LogTcpMessaging: Initializing TcpMessaging bridge
[2023.01.05-01.04.22:277][  0]LogUdpMessaging: Initializing bridge on interface 0.0.0.0:0 to multicast group 230.0.0.1:6666.
[2023.01.05-01.04.22:419][  0]SourceControl: Source control is disabled
[2023.01.05-01.04.22:419][  0]SourceControl: Source control is disabled
[2023.01.05-01.04.22:425][  0]SourceControl: Source control is disabled
[2023.01.05-01.04.22:428][  0]SourceControl: Source control is disabled
[2023.01.05-01.04.22:437][  0]SourceControl: Source control is disabled
[2023.01.05-01.04.22:444][  0]LogUProjectInfo: Found projects:
[2023.01.05-01.04.22:450][  0]LogVSAccessor: Display: Unable to create Visual Studio setup instance: 80040154
[2023.01.05-01.04.22:451][  0]LogVSAccessor: Display: Unable to create Visual Studio setup instance: 80040154
[2023.01.05-01.04.22:451][  0]LogVSAccessor: Display: Unable to create Visual Studio setup instance: 80040154
[2023.01.05-01.04.22:671][  0]LogOpenImageDenoise: OIDN starting up
[2023.01.05-01.04.22:726][  0]LogAndroidPermission: UAndroidPermissionCallbackProxy::GetInstance
[2023.01.05-01.04.22:748][  0]LogAudioCaptureCore: Display: No Audio Capture implementations found. Audio input will be silent.
[2023.01.05-01.04.22:748][  0]LogAudioCaptureCore: Display: No Audio Capture implementations found. Audio input will be silent.
[2023.01.05-01.04.22:912][  0]LogCollectionManager: Loaded 0 collections in 0.001598 seconds
[2023.01.05-01.04.22:943][  0]LogFileCache: Scanning file cache for directory 'D:/Unreal Projects/MyProject/Saved/Collections/' took 0.00s
[2023.01.05-01.04.22:943][  0]LogFileCache: Scanning file cache for directory 'D:/Unreal Projects/MyProject/Content/Developers/Clarissa/Collections/' took 0.00s
[2023.01.05-01.04.22:943][  0]LogFileCache: Scanning file cache for directory 'D:/Unreal Projects/MyProject/Content/Collections/' took 0.00s
[2023.01.05-01.04.22:943][  0]LogOcInput: OculusInput pre-init called
[2023.01.05-01.04.23:590][  0]LogEngine: Initializing Engine...
[2023.01.05-01.04.23:592][  0]LogHMD: Failed to enumerate extensions. Please check that you have a valid OpenXR runtime installed.
[2023.01.05-01.04.23:592][  0]LogHMD: Failed to initialize OpenVR with code 110
[2023.01.05-01.04.23:592][  0]LogMagicLeap: Warning: VR disabled because ZI is not enabled.  To enable, in the editor, Edit -> Project Settings -> Plugins -> Magic Leap Plugin -> Enable Zero Iteration
[2023.01.05-01.04.23:593][  0]LogStats: UGameplayTagsManager::InitializeManager -  0.000 s
[2023.01.05-01.04.23:911][  0]LogInit: Initializing FReadOnlyCVARCache
[2023.01.05-01.04.23:920][  0]LogAIModule: Creating AISystem for world Untitled
[2023.01.05-01.04.23:945][  0]LogAudio: Display: Initializing Audio Device Manager...
[2023.01.05-01.04.23:949][  0]LogAudio: Display: Loading Default Audio Settings Objects...
[2023.01.05-01.04.23:950][  0]LogAudio: Display: No default SoundConcurrencyObject specified (or failed to load).
[2023.01.05-01.04.23:951][  0]LogAudio: Display: Audio Device Manager Initialized
[2023.01.05-01.04.23:951][  0]LogAudio: Display: Creating Audio Device:                 Id: 1, Scope: Shared, Realtime: True
[2023.01.05-01.04.23:951][  0]LogAudioMixer: Display: Audio Mixer Platform Settings:
[2023.01.05-01.04.23:951][  0]LogAudioMixer: Display: 	Sample Rate:						  48000
[2023.01.05-01.04.23:951][  0]LogAudioMixer: Display: 	Callback Buffer Frame Size Requested: 1024
[2023.01.05-01.04.23:951][  0]LogAudioMixer: Display: 	Callback Buffer Frame Size To Use:	  1024
[2023.01.05-01.04.23:951][  0]LogAudioMixer: Display: 	Number of buffers to queue:			  2
[2023.01.05-01.04.23:951][  0]LogAudioMixer: Display: 	Max Channels (voices):				  32
[2023.01.05-01.04.23:951][  0]LogAudioMixer: Display: 	Number of Async Source Workers:		  0
[2023.01.05-01.04.23:951][  0]LogAudio: Display: AudioDevice MaxSources: 32
[2023.01.05-01.04.23:951][  0]LogAudio: Display: Audio Spatialization Plugin: None (built-in).
[2023.01.05-01.04.23:951][  0]LogAudio: Display: Audio Reverb Plugin: None (built-in).
[2023.01.05-01.04.23:951][  0]LogAudio: Display: Audio Occlusion Plugin: None (built-in).
[2023.01.05-01.04.23:951][  0]LogAudioMixer: Display: Initializing audio mixer.
[2023.01.05-01.04.23:976][  0]LogAudioMixer: Display: 0: FrontLeft
[2023.01.05-01.04.23:976][  0]LogAudioMixer: Display: 1: FrontRight
[2023.01.05-01.04.23:991][  0]LogAudioMixer: Display: Using Audio Device Speakers (High Definition Audio Device)
[2023.01.05-01.04.23:994][  0]LogAudioMixer: Display: Initializing Sound Submixes...
[2023.01.05-01.04.23:997][  0]LogAudioMixer: Display: Creating Master Submix 'MasterSubmixDefault'
[2023.01.05-01.04.23:997][  0]LogAudioMixer: Display: Creating Master Submix 'MasterReverbSubmixDefault'
[2023.01.05-01.04.23:998][  0]LogAudioMixer: Display: Creating Master Submix 'MasterEQSubmixDefault'
[2023.01.05-01.04.23:998][  0]LogAudioMixer: FMixerPlatformXAudio2::StartAudioStream() called
[2023.01.05-01.04.23:998][  0]LogAudioMixer: Display: Output buffers initialized: Frames=1024, Channels=2, Samples=2048
[2023.01.05-01.04.24:005][  0]LogAudioMixer: Display: Starting AudioMixerPlatformInterface::RunInternal()
[2023.01.05-01.04.24:005][  0]LogAudioMixer: Display: FMixerPlatformXAudio2::SubmitBuffer() called for the first time
[2023.01.05-01.04.24:005][  0]LogInit: FAudioDevice initialized.
[2023.01.05-01.04.24:006][  0]LogAudio: Display: Audio Device (ID: 1) registered with world 'Untitled'.
[2023.01.05-01.04.24:006][  0]LogNetVersion: Set ProjectVersion to 1.0.0.0. Version Checksum will be recalculated on next use.
[2023.01.05-01.04.24:278][  0]LogDerivedDataCache: Saved boot cache 0.27s 94MB C:/Users/Clarisssa/AppData/Local/UnrealEngine/4.27/DerivedDataCache/Boot.ddc.
[2023.01.05-01.04.24:279][  0]LogInit: Texture streaming: Enabled
[2023.01.05-01.04.24:291][  0]LogAnalytics: Display: [UEEditor.Rocket.Release] APIServer = https://datarouter.ol.epicgames.com/. AppVersion = 4.27.2-18319896+++UE4+Release-4.27
[2023.01.05-01.04.24:297][  0]LogEngineSessionManager: EngineSessionManager initialized
[2023.01.05-01.04.24:297][  0]LogEditorSessionSummary: Verbose: Initializing EditorSessionSummaryWriter for editor session tracking
[2023.01.05-01.04.24:307][  0]LogEditorSessionSummary: EditorSessionSummaryWriter initialized
[2023.01.05-01.04.24:355][  0]LogInit: Transaction tracking system initialized
[2023.01.05-01.04.24:385][  0]BlueprintLog: New page: Editor Load
[2023.01.05-01.04.24:468][  0]LocalizationService: Localization service is disabled
[2023.01.05-01.04.24:498][  0]TimingProfiler: Initialize
[2023.01.05-01.04.24:499][  0]TimingProfiler: OnSessionChanged
[2023.01.05-01.04.24:499][  0]LoadingProfiler: Initialize
[2023.01.05-01.04.24:499][  0]LoadingProfiler: OnSessionChanged
[2023.01.05-01.04.24:499][  0]NetworkingProfiler: Initialize
[2023.01.05-01.04.24:499][  0]NetworkingProfiler: OnSessionChanged
[2023.01.05-01.04.24:499][  0]MemoryProfiler: Initialize
[2023.01.05-01.04.24:499][  0]MemoryProfiler: OnSessionChanged
[2023.01.05-01.04.24:579][  0]LogVSAccessor: Display: Unable to create Visual Studio setup instance: 80040154
[2023.01.05-01.04.24:579][  0]LogVSAccessor: Display: Unable to create Visual Studio setup instance: 80040154
[2023.01.05-01.04.24:580][  0]LogVSAccessor: Display: Unable to create Visual Studio setup instance: 80040154
[2023.01.05-01.04.24:780][  0]LogCook: Display: CookSettings for Memory: MemoryMaxUsedVirtual 0MiB, MemoryMaxUsedPhysical 16384MiB, MemoryMinFreeVirtual 0MiB, MemoryMinFreePhysical 1024MiB
[2023.01.05-01.04.24:780][  0]LogCook: Display: Mobile HDR setting 1
[2023.01.05-01.04.25:006][  0]LogFileCache: Scanning file cache for directory 'D:/Unreal Projects/MyProject/Content/' took 0.00s
[2023.01.05-01.04.25:420][  0]LogInit: Display: Engine is initialized. Leaving FEngineLoop::Init()
[2023.01.05-01.04.25:429][  0]SourceControl: Source control is disabled
[2023.01.05-01.04.25:429][  0]LogUnrealEdMisc: Loading editor; pre map load, took 9.962
[2023.01.05-01.04.25:429][  0]Cmd: MAP LOAD FILE="../../../Engine/Content/Maps/Templates/Template_Default.umap" TEMPLATE=1 SHOWPROGRESS=1 FEATURELEVEL=3
[2023.01.05-01.04.25:438][  0]LightingResults: New page: Lighting Build
[2023.01.05-01.04.25:440][  0]LogWorld: UWorld::CleanupWorld for Untitled, bSessionEnded=true, bCleanupResources=true
[2023.01.05-01.04.25:440][  0]LogSlate: InvalidateAllWidgets triggered.  All widgets were invalidated
[2023.01.05-01.04.25:440][  0]MapCheck: New page: Map Check
[2023.01.05-01.04.25:440][  0]LightingResults: New page: Lighting Build
[2023.01.05-01.04.25:453][  0]LogAudio: Display: Audio Device unregistered from world 'None'.
[2023.01.05-01.04.25:456][  0]LogUObjectHash: Compacting FUObjectHashTables data took   1.04ms
[2023.01.05-01.04.25:534][  0]LogTexture: Display: Building textures: DeprecatedTextureEB9CBE3C423008B5E8E130901E171C89 (BGRA8, 128X128)
[2023.01.05-01.04.25:544][  0]LogAudio: Display: Audio Device (ID: 1) registered with world 'Untitled_1'.
[2023.01.05-01.04.25:545][  0]LogAIModule: Creating AISystem for world Untitled_1
[2023.01.05-01.04.25:563][  0]LogEditorServer: Finished looking for orphan Actors (0.000 secs)
[2023.01.05-01.04.25:592][  0]LogUObjectHash: Compacting FUObjectHashTables data took   1.10ms
[2023.01.05-01.04.25:603][  0]Cmd: MAP CHECKDEP NOCLEARLOG
[2023.01.05-01.04.25:603][  0]MapCheck: Map check complete: 0 Error(s), 0 Warning(s), took 0.09ms to complete.
[2023.01.05-01.04.25:603][  0]LogFileHelpers: Loading map 'Template_Default' took 0.174
[2023.01.05-01.04.25:606][  0]LogUnrealEdMisc: Total Editor Startup Time, took 10.138
[2023.01.05-01.04.25:755][  0]LogSlate: Updating window title bar state: overlay mode, drag disabled, window buttons hidden, title bar hidden
[2023.01.05-01.04.25:764][  0]LogSlate: Updating window title bar state: overlay mode, drag disabled, window buttons hidden, title bar hidden
[2023.01.05-01.04.25:773][  0]LogSlate: Updating window title bar state: overlay mode, drag disabled, window buttons hidden, title bar hidden
[2023.01.05-01.04.25:782][  0]LogSlate: Updating window title bar state: overlay mode, drag disabled, window buttons hidden, title bar hidden
[2023.01.05-01.04.25:805][  0]LogNativeClassHierarchy: Verbose: Native class hierarchy populated in 0.0130 seconds. Added 3822 classes and 928 folders.
[2023.01.05-01.04.25:811][  0]LogNativeClassHierarchy: Verbose: Native class hierarchy updated for 'WidgetCarousel' in 0.0005 seconds. Added 0 classes and 0 folders.
[2023.01.05-01.04.25:813][  0]LogPakFile: PakFile PrimaryIndexSize=187
[2023.01.05-01.04.25:813][  0]LogPakFile: PakFile PathHashIndexSize=101
[2023.01.05-01.04.25:813][  0]LogPakFile: PakFile FullDirectoryIndexSize=148
[2023.01.05-01.04.25:813][  0]LogShaderLibrary: Display: ShaderCodeLibraryPakFileMountedCallback: PakFile 'E:/Epic Games/UE_4.27/FeaturePacks/FP_FirstPerson.upack' (chunk index -1, root 'root:/') mounted
[2023.01.05-01.04.25:813][  0]LogShaderLibrary: Display: ShaderCodeLibraryPakFileMountedCallback: pending pak file info (ChunkID:-1 Root:root:/ File:E:/Epic Games/UE_4.27/FeaturePacks/FP_FirstPerson.upack)
[2023.01.05-01.04.25:813][  0]LogPakFile: OnPakFileMounted2Time == 0.000058
[2023.01.05-01.04.25:814][  0]LogPakFile: PakFile PrimaryIndexSize=189
[2023.01.05-01.04.25:814][  0]LogPakFile: PakFile PathHashIndexSize=101
[2023.01.05-01.04.25:814][  0]LogPakFile: PakFile FullDirectoryIndexSize=152
[2023.01.05-01.04.25:814][  0]LogShaderLibrary: Display: ShaderCodeLibraryPakFileMountedCallback: PakFile 'E:/Epic Games/UE_4.27/FeaturePacks/FP_FirstPersonBP.upack' (chunk index -1, root 'root:/') mounted
[2023.01.05-01.04.25:814][  0]LogShaderLibrary: Display: ShaderCodeLibraryPakFileMountedCallback: pending pak file info (ChunkID:-1 Root:root:/ File:E:/Epic Games/UE_4.27/FeaturePacks/FP_FirstPersonBP.upack)
[2023.01.05-01.04.25:814][  0]LogPakFile: OnPakFileMounted2Time == 0.000047
[2023.01.05-01.04.25:814][  0]LogPakFile: PakFile PrimaryIndexSize=191
[2023.01.05-01.04.25:814][  0]LogPakFile: PakFile PathHashIndexSize=101
[2023.01.05-01.04.25:814][  0]LogPakFile: PakFile FullDirectoryIndexSize=160
[2023.01.05-01.04.25:814][  0]LogShaderLibrary: Display: ShaderCodeLibraryPakFileMountedCallback: PakFile 'E:/Epic Games/UE_4.27/FeaturePacks/MobileStarterContent.upack' (chunk index -1, root 'root:/') mounted
[2023.01.05-01.04.25:814][  0]LogShaderLibrary: Display: ShaderCodeLibraryPakFileMountedCallback: pending pak file info (ChunkID:-1 Root:root:/ File:E:/Epic Games/UE_4.27/FeaturePacks/MobileStarterContent.upack)
[2023.01.05-01.04.25:814][  0]LogPakFile: OnPakFileMounted2Time == 0.000039
[2023.01.05-01.04.25:815][  0]LogPakFile: PakFile PrimaryIndexSize=185
[2023.01.05-01.04.25:815][  0]LogPakFile: PakFile PathHashIndexSize=101
[2023.01.05-01.04.25:815][  0]LogPakFile: PakFile FullDirectoryIndexSize=148
[2023.01.05-01.04.25:815][  0]LogShaderLibrary: Display: ShaderCodeLibraryPakFileMountedCallback: PakFile 'E:/Epic Games/UE_4.27/FeaturePacks/StarterContent.upack' (chunk index -1, root 'root:/') mounted
[2023.01.05-01.04.25:815][  0]LogShaderLibrary: Display: ShaderCodeLibraryPakFileMountedCallback: pending pak file info (ChunkID:-1 Root:root:/ File:E:/Epic Games/UE_4.27/FeaturePacks/StarterContent.upack)
[2023.01.05-01.04.25:815][  0]LogPakFile: OnPakFileMounted2Time == 0.000039
[2023.01.05-01.04.25:815][  0]LogPakFile: PakFile PrimaryIndexSize=190
[2023.01.05-01.04.25:815][  0]LogPakFile: PakFile PathHashIndexSize=101
[2023.01.05-01.04.25:815][  0]LogPakFile: PakFile FullDirectoryIndexSize=154
[2023.01.05-01.04.25:815][  0]LogShaderLibrary: Display: ShaderCodeLibraryPakFileMountedCallback: PakFile 'E:/Epic Games/UE_4.27/FeaturePacks/TP_2DSideScroller.upack' (chunk index -1, root 'root:/') mounted
[2023.01.05-01.04.25:815][  0]LogShaderLibrary: Display: ShaderCodeLibraryPakFileMountedCallback: pending pak file info (ChunkID:-1 Root:root:/ File:E:/Epic Games/UE_4.27/FeaturePacks/TP_2DSideScroller.upack)
[2023.01.05-01.04.25:815][  0]LogPakFile: OnPakFileMounted2Time == 0.000037
[2023.01.05-01.04.25:816][  0]LogPakFile: PakFile PrimaryIndexSize=192
[2023.01.05-01.04.25:816][  0]LogPakFile: PakFile PathHashIndexSize=101
[2023.01.05-01.04.25:816][  0]LogPakFile: PakFile FullDirectoryIndexSize=158
[2023.01.05-01.04.25:816][  0]LogShaderLibrary: Display: ShaderCodeLibraryPakFileMountedCallback: PakFile 'E:/Epic Games/UE_4.27/FeaturePacks/TP_2DSideScrollerBP.upack' (chunk index -1, root 'root:/') mounted
[2023.01.05-01.04.25:816][  0]LogShaderLibrary: Display: ShaderCodeLibraryPakFileMountedCallback: pending pak file info (ChunkID:-1 Root:root:/ File:E:/Epic Games/UE_4.27/FeaturePacks/TP_2DSideScrollerBP.upack)
[2023.01.05-01.04.25:816][  0]LogPakFile: OnPakFileMounted2Time == 0.000039
[2023.01.05-01.04.25:816][  0]LogPakFile: PakFile PrimaryIndexSize=182
[2023.01.05-01.04.25:816][  0]LogPakFile: PakFile PathHashIndexSize=101
[2023.01.05-01.04.25:816][  0]LogPakFile: PakFile FullDirectoryIndexSize=138
[2023.01.05-01.04.25:816][  0]LogShaderLibrary: Display: ShaderCodeLibraryPakFileMountedCallback: PakFile 'E:/Epic Games/UE_4.27/FeaturePacks/TP_Flying.upack' (chunk index -1, root 'root:/') mounted
[2023.01.05-01.04.25:816][  0]LogShaderLibrary: Display: ShaderCodeLibraryPakFileMountedCallback: pending pak file info (ChunkID:-1 Root:root:/ File:E:/Epic Games/UE_4.27/FeaturePacks/TP_Flying.upack)
[2023.01.05-01.04.25:817][  0]LogPakFile: OnPakFileMounted2Time == 0.000072
[2023.01.05-01.04.25:817][  0]LogPakFile: PakFile PrimaryIndexSize=184
[2023.01.05-01.04.25:817][  0]LogPakFile: PakFile PathHashIndexSize=101
[2023.01.05-01.04.25:817][  0]LogPakFile: PakFile FullDirectoryIndexSize=142
[2023.01.05-01.04.25:817][  0]LogShaderLibrary: Display: ShaderCodeLibraryPakFileMountedCallback: PakFile 'E:/Epic Games/UE_4.27/FeaturePacks/TP_FlyingBP.upack' (chunk index -1, root 'root:/') mounted
[2023.01.05-01.04.25:817][  0]LogShaderLibrary: Display: ShaderCodeLibraryPakFileMountedCallback: pending pak file info (ChunkID:-1 Root:root:/ File:E:/Epic Games/UE_4.27/FeaturePacks/TP_FlyingBP.upack)
[2023.01.05-01.04.25:817][  0]LogPakFile: OnPakFileMounted2Time == 0.000037
[2023.01.05-01.04.25:817][  0]LogPakFile: PakFile PrimaryIndexSize=188
[2023.01.05-01.04.25:818][  0]LogPakFile: PakFile PathHashIndexSize=101
[2023.01.05-01.04.25:818][  0]LogPakFile: PakFile FullDirectoryIndexSize=150
[2023.01.05-01.04.25:818][  0]LogShaderLibrary: Display: ShaderCodeLibraryPakFileMountedCallback: PakFile 'E:/Epic Games/UE_4.27/FeaturePacks/TP_HandheldARBP.upack' (chunk index -1, root 'root:/') mounted
[2023.01.05-01.04.25:818][  0]LogShaderLibrary: Display: ShaderCodeLibraryPakFileMountedCallback: pending pak file info (ChunkID:-1 Root:root:/ File:E:/Epic Games/UE_4.27/FeaturePacks/TP_HandheldARBP.upack)
[2023.01.05-01.04.25:818][  0]LogPakFile: OnPakFileMounted2Time == 0.000035
[2023.01.05-01.04.25:818][  0]LogPakFile: PakFile PrimaryIndexSize=182
[2023.01.05-01.04.25:818][  0]LogPakFile: PakFile PathHashIndexSize=101
[2023.01.05-01.04.25:818][  0]LogPakFile: PakFile FullDirectoryIndexSize=138
[2023.01.05-01.04.25:818][  0]LogShaderLibrary: Display: ShaderCodeLibraryPakFileMountedCallback: PakFile 'E:/Epic Games/UE_4.27/FeaturePacks/TP_Puzzle.upack' (chunk index -1, root 'root:/') mounted
[2023.01.05-01.04.25:818][  0]LogShaderLibrary: Display: ShaderCodeLibraryPakFileMountedCallback: pending pak file info (ChunkID:-1 Root:root:/ File:E:/Epic Games/UE_4.27/FeaturePacks/TP_Puzzle.upack)
[2023.01.05-01.04.25:819][  0]LogPakFile: OnPakFileMounted2Time == 0.000060
[2023.01.05-01.04.25:819][  0]LogPakFile: PakFile PrimaryIndexSize=184
[2023.01.05-01.04.25:819][  0]LogPakFile: PakFile PathHashIndexSize=101
[2023.01.05-01.04.25:819][  0]LogPakFile: PakFile FullDirectoryIndexSize=142
[2023.01.05-01.04.25:819][  0]LogShaderLibrary: Display: ShaderCodeLibraryPakFileMountedCallback: PakFile 'E:/Epic Games/UE_4.27/FeaturePacks/TP_PuzzleBP.upack' (chunk index -1, root 'root:/') mounted
[2023.01.05-01.04.25:819][  0]LogShaderLibrary: Display: ShaderCodeLibraryPakFileMountedCallback: pending pak file info (ChunkID:-1 Root:root:/ File:E:/Epic Games/UE_4.27/FeaturePacks/TP_PuzzleBP.upack)
[2023.01.05-01.04.25:819][  0]LogPakFile: OnPakFileMounted2Time == 0.000037
[2023.01.05-01.04.25:819][  0]LogPakFile: PakFile PrimaryIndexSize=183
[2023.01.05-01.04.25:819][  0]LogPakFile: PakFile PathHashIndexSize=101
[2023.01.05-01.04.25:819][  0]LogPakFile: PakFile FullDirectoryIndexSize=140
[2023.01.05-01.04.25:819][  0]LogShaderLibrary: Display: ShaderCodeLibraryPakFileMountedCallback: PakFile 'E:/Epic Games/UE_4.27/FeaturePacks/TP_Rolling.upack' (chunk index -1, root 'root:/') mounted
[2023.01.05-01.04.25:819][  0]LogShaderLibrary: Display: ShaderCodeLibraryPakFileMountedCallback: pending pak file info (ChunkID:-1 Root:root:/ File:E:/Epic Games/UE_4.27/FeaturePacks/TP_Rolling.upack)
[2023.01.05-01.04.25:820][  0]LogPakFile: OnPakFileMounted2Time == 0.000037
[2023.01.05-01.04.25:820][  0]LogPakFile: PakFile PrimaryIndexSize=185
[2023.01.05-01.04.25:820][  0]LogPakFile: PakFile PathHashIndexSize=101
[2023.01.05-01.04.25:820][  0]LogPakFile: PakFile FullDirectoryIndexSize=144
[2023.01.05-01.04.25:820][  0]LogShaderLibrary: Display: ShaderCodeLibraryPakFileMountedCallback: PakFile 'E:/Epic Games/UE_4.27/FeaturePacks/TP_RollingBP.upack' (chunk index -1, root 'root:/') mounted
[2023.01.05-01.04.25:820][  0]LogShaderLibrary: Display: ShaderCodeLibraryPakFileMountedCallback: pending pak file info (ChunkID:-1 Root:root:/ File:E:/Epic Games/UE_4.27/FeaturePacks/TP_RollingBP.upack)
[2023.01.05-01.04.25:820][  0]LogPakFile: OnPakFileMounted2Time == 0.000036
[2023.01.05-01.04.25:820][  0]LogPakFile: PakFile PrimaryIndexSize=188
[2023.01.05-01.04.25:821][  0]LogPakFile: PakFile PathHashIndexSize=101
[2023.01.05-01.04.25:821][  0]LogPakFile: PakFile FullDirectoryIndexSize=150
[2023.01.05-01.04.25:821][  0]LogShaderLibrary: Display: ShaderCodeLibraryPakFileMountedCallback: PakFile 'E:/Epic Games/UE_4.27/FeaturePacks/TP_SideScroller.upack' (chunk index -1, root 'root:/') mounted
[2023.01.05-01.04.25:821][  0]LogShaderLibrary: Display: ShaderCodeLibraryPakFileMountedCallback: pending pak file info (ChunkID:-1 Root:root:/ File:E:/Epic Games/UE_4.27/FeaturePacks/TP_SideScroller.upack)
[2023.01.05-01.04.25:821][  0]LogPakFile: OnPakFileMounted2Time == 0.000038
[2023.01.05-01.04.25:821][  0]LogPakFile: PakFile PrimaryIndexSize=190
[2023.01.05-01.04.25:821][  0]LogPakFile: PakFile PathHashIndexSize=101
[2023.01.05-01.04.25:821][  0]LogPakFile: PakFile FullDirectoryIndexSize=154
[2023.01.05-01.04.25:821][  0]LogShaderLibrary: Display: ShaderCodeLibraryPakFileMountedCallback: PakFile 'E:/Epic Games/UE_4.27/FeaturePacks/TP_SideScrollerBP.upack' (chunk index -1, root 'root:/') mounted
[2023.01.05-01.04.25:821][  0]LogShaderLibrary: Display: ShaderCodeLibraryPakFileMountedCallback: pending pak file info (ChunkID:-1 Root:root:/ File:E:/Epic Games/UE_4.27/FeaturePacks/TP_SideScrollerBP.upack)
[2023.01.05-01.04.25:821][  0]LogPakFile: OnPakFileMounted2Time == 0.000037
[2023.01.05-01.04.25:821][  0]LogPakFile: PakFile PrimaryIndexSize=187
[2023.01.05-01.04.25:821][  0]LogPakFile: PakFile PathHashIndexSize=101
[2023.01.05-01.04.25:821][  0]LogPakFile: PakFile FullDirectoryIndexSize=148
[2023.01.05-01.04.25:822][  0]LogShaderLibrary: Display: ShaderCodeLibraryPakFileMountedCallback: PakFile 'E:/Epic Games/UE_4.27/FeaturePacks/TP_ThirdPerson.upack' (chunk index -1, root 'root:/') mounted
[2023.01.05-01.04.25:822][  0]LogShaderLibrary: Display: ShaderCodeLibraryPakFileMountedCallback: pending pak file info (ChunkID:-1 Root:root:/ File:E:/Epic Games/UE_4.27/FeaturePacks/TP_ThirdPerson.upack)
[2023.01.05-01.04.25:822][  0]LogPakFile: OnPakFileMounted2Time == 0.000042
[2023.01.05-01.04.25:822][  0]LogPakFile: PakFile PrimaryIndexSize=189
[2023.01.05-01.04.25:822][  0]LogPakFile: PakFile PathHashIndexSize=101
[2023.01.05-01.04.25:822][  0]LogPakFile: PakFile FullDirectoryIndexSize=152
[2023.01.05-01.04.25:822][  0]LogShaderLibrary: Display: ShaderCodeLibraryPakFileMountedCallback: PakFile 'E:/Epic Games/UE_4.27/FeaturePacks/TP_ThirdPersonBP.upack' (chunk index -1, root 'root:/') mounted
[2023.01.05-01.04.25:822][  0]LogShaderLibrary: Display: ShaderCodeLibraryPakFileMountedCallback: pending pak file info (ChunkID:-1 Root:root:/ File:E:/Epic Games/UE_4.27/FeaturePacks/TP_ThirdPersonBP.upack)
[2023.01.05-01.04.25:822][  0]LogPakFile: OnPakFileMounted2Time == 0.000035
[2023.01.05-01.04.25:822][  0]LogPakFile: PakFile PrimaryIndexSize=183
[2023.01.05-01.04.25:822][  0]LogPakFile: PakFile PathHashIndexSize=101
[2023.01.05-01.04.25:822][  0]LogPakFile: PakFile FullDirectoryIndexSize=140
[2023.01.05-01.04.25:822][  0]LogShaderLibrary: Display: ShaderCodeLibraryPakFileMountedCallback: PakFile 'E:/Epic Games/UE_4.27/FeaturePacks/TP_TopDown.upack' (chunk index -1, root 'root:/') mounted
[2023.01.05-01.04.25:823][  0]LogShaderLibrary: Display: ShaderCodeLibraryPakFileMountedCallback: pending pak file info (ChunkID:-1 Root:root:/ File:E:/Epic Games/UE_4.27/FeaturePacks/TP_TopDown.upack)
[2023.01.05-01.04.25:823][  0]LogPakFile: OnPakFileMounted2Time == 0.000047
[2023.01.05-01.04.25:823][  0]LogPakFile: PakFile PrimaryIndexSize=185
[2023.01.05-01.04.25:823][  0]LogPakFile: PakFile PathHashIndexSize=101
[2023.01.05-01.04.25:823][  0]LogPakFile: PakFile FullDirectoryIndexSize=144
[2023.01.05-01.04.25:823][  0]LogShaderLibrary: Display: ShaderCodeLibraryPakFileMountedCallback: PakFile 'E:/Epic Games/UE_4.27/FeaturePacks/TP_TopDownBP.upack' (chunk index -1, root 'root:/') mounted
[2023.01.05-01.04.25:823][  0]LogShaderLibrary: Display: ShaderCodeLibraryPakFileMountedCallback: pending pak file info (ChunkID:-1 Root:root:/ File:E:/Epic Games/UE_4.27/FeaturePacks/TP_TopDownBP.upack)
[2023.01.05-01.04.25:823][  0]LogPakFile: OnPakFileMounted2Time == 0.000038
[2023.01.05-01.04.25:823][  0]LogPakFile: PakFile PrimaryIndexSize=185
[2023.01.05-01.04.25:823][  0]LogPakFile: PakFile PathHashIndexSize=101
[2023.01.05-01.04.25:823][  0]LogPakFile: PakFile FullDirectoryIndexSize=144
[2023.01.05-01.04.25:823][  0]LogShaderLibrary: Display: ShaderCodeLibraryPakFileMountedCallback: PakFile 'E:/Epic Games/UE_4.27/FeaturePacks/TP_TwinStick.upack' (chunk index -1, root 'root:/') mounted
[2023.01.05-01.04.25:823][  0]LogShaderLibrary: Display: ShaderCodeLibraryPakFileMountedCallback: pending pak file info (ChunkID:-1 Root:root:/ File:E:/Epic Games/UE_4.27/FeaturePacks/TP_TwinStick.upack)
[2023.01.05-01.04.25:823][  0]LogPakFile: OnPakFileMounted2Time == 0.000037
[2023.01.05-01.04.25:824][  0]LogPakFile: PakFile PrimaryIndexSize=187
[2023.01.05-01.04.25:824][  0]LogPakFile: PakFile PathHashIndexSize=101
[2023.01.05-01.04.25:824][  0]LogPakFile: PakFile FullDirectoryIndexSize=148
[2023.01.05-01.04.25:824][  0]LogShaderLibrary: Display: ShaderCodeLibraryPakFileMountedCallback: PakFile 'E:/Epic Games/UE_4.27/FeaturePacks/TP_TwinStickBP.upack' (chunk index -1, root 'root:/') mounted
[2023.01.05-01.04.25:824][  0]LogShaderLibrary: Display: ShaderCodeLibraryPakFileMountedCallback: pending pak file info (ChunkID:-1 Root:root:/ File:E:/Epic Games/UE_4.27/FeaturePacks/TP_TwinStickBP.upack)
[2023.01.05-01.04.25:824][  0]LogPakFile: OnPakFileMounted2Time == 0.000036
[2023.01.05-01.04.25:825][  0]LogPakFile: PakFile PrimaryIndexSize=183
[2023.01.05-01.04.25:825][  0]LogPakFile: PakFile PathHashIndexSize=101
[2023.01.05-01.04.25:825][  0]LogPakFile: PakFile FullDirectoryIndexSize=140
[2023.01.05-01.04.25:825][  0]LogShaderLibrary: Display: ShaderCodeLibraryPakFileMountedCallback: PakFile 'E:/Epic Games/UE_4.27/FeaturePacks/TP_Vehicle.upack' (chunk index -1, root 'root:/') mounted
[2023.01.05-01.04.25:825][  0]LogShaderLibrary: Display: ShaderCodeLibraryPakFileMountedCallback: pending pak file info (ChunkID:-1 Root:root:/ File:E:/Epic Games/UE_4.27/FeaturePacks/TP_Vehicle.upack)
[2023.01.05-01.04.25:825][  0]LogPakFile: OnPakFileMounted2Time == 0.000048
[2023.01.05-01.04.25:826][  0]LogPakFile: PakFile PrimaryIndexSize=186
[2023.01.05-01.04.25:826][  0]LogPakFile: PakFile PathHashIndexSize=101
[2023.01.05-01.04.25:826][  0]LogPakFile: PakFile FullDirectoryIndexSize=146
[2023.01.05-01.04.25:826][  0]LogShaderLibrary: Display: ShaderCodeLibraryPakFileMountedCallback: PakFile 'E:/Epic Games/UE_4.27/FeaturePacks/TP_VehicleAdv.upack' (chunk index -1, root 'root:/') mounted
[2023.01.05-01.04.25:826][  0]LogShaderLibrary: Display: ShaderCodeLibraryPakFileMountedCallback: pending pak file info (ChunkID:-1 Root:root:/ File:E:/Epic Games/UE_4.27/FeaturePacks/TP_VehicleAdv.upack)
[2023.01.05-01.04.25:826][  0]LogPakFile: OnPakFileMounted2Time == 0.000041
[2023.01.05-01.04.25:826][  0]LogPakFile: PakFile PrimaryIndexSize=188
[2023.01.05-01.04.25:826][  0]LogPakFile: PakFile PathHashIndexSize=101
[2023.01.05-01.04.25:826][  0]LogPakFile: PakFile FullDirectoryIndexSize=150
[2023.01.05-01.04.25:826][  0]LogShaderLibrary: Display: ShaderCodeLibraryPakFileMountedCallback: PakFile 'E:/Epic Games/UE_4.27/FeaturePacks/TP_VehicleAdvBP.upack' (chunk index -1, root 'root:/') mounted
[2023.01.05-01.04.25:826][  0]LogShaderLibrary: Display: ShaderCodeLibraryPakFileMountedCallback: pending pak file info (ChunkID:-1 Root:root:/ File:E:/Epic Games/UE_4.27/FeaturePacks/TP_VehicleAdvBP.upack)
[2023.01.05-01.04.25:826][  0]LogPakFile: OnPakFileMounted2Time == 0.000040
[2023.01.05-01.04.25:827][  0]LogPakFile: PakFile PrimaryIndexSize=185
[2023.01.05-01.04.25:827][  0]LogPakFile: PakFile PathHashIndexSize=101
[2023.01.05-01.04.25:827][  0]LogPakFile: PakFile FullDirectoryIndexSize=144
[2023.01.05-01.04.25:827][  0]LogShaderLibrary: Display: ShaderCodeLibraryPakFileMountedCallback: PakFile 'E:/Epic Games/UE_4.27/FeaturePacks/TP_VehicleBP.upack' (chunk index -1, root 'root:/') mounted
[2023.01.05-01.04.25:827][  0]LogShaderLibrary: Display: ShaderCodeLibraryPakFileMountedCallback: pending pak file info (ChunkID:-1 Root:root:/ File:E:/Epic Games/UE_4.27/FeaturePacks/TP_VehicleBP.upack)
[2023.01.05-01.04.25:827][  0]LogPakFile: OnPakFileMounted2Time == 0.000037
[2023.01.05-01.04.25:827][  0]LogPakFile: PakFile PrimaryIndexSize=192
[2023.01.05-01.04.25:827][  0]LogPakFile: PakFile PathHashIndexSize=101
[2023.01.05-01.04.25:827][  0]LogPakFile: PakFile FullDirectoryIndexSize=158
[2023.01.05-01.04.25:827][  0]LogShaderLibrary: Display: ShaderCodeLibraryPakFileMountedCallback: PakFile 'E:/Epic Games/UE_4.27/FeaturePacks/TP_VirtualRealityBP.upack' (chunk index -1, root 'root:/') mounted
[2023.01.05-01.04.25:827][  0]LogShaderLibrary: Display: ShaderCodeLibraryPakFileMountedCallback: pending pak file info (ChunkID:-1 Root:root:/ File:E:/Epic Games/UE_4.27/FeaturePacks/TP_VirtualRealityBP.upack)
[2023.01.05-01.04.25:827][  0]LogPakFile: OnPakFileMounted2Time == 0.000037
[2023.01.05-01.04.25:896][  0]LogNativeClassHierarchy: Verbose: Native class hierarchy updated for 'AddContentDialog' in 0.0008 seconds. Added 0 classes and 0 folders.
[2023.01.05-01.04.25:899][  0]LogNativeClassHierarchy: Verbose: Native class hierarchy updated for 'SceneOutliner' in 0.0008 seconds. Added 2 classes and 0 folders.
[2023.01.05-01.04.25:963][  0]LogSlate: Took 0.000214 seconds to synchronously load lazily loaded font '../../../Engine/Content/Slate/Fonts/Roboto-Regular.ttf' (155K)
[2023.01.05-01.04.25:965][  0]LogSlate: Took 0.000254 seconds to synchronously load lazily loaded font '../../../Engine/Content/Editor/Slate/Fonts/FontAwesome.ttf' (139K)
[2023.01.05-01.04.25:967][  0]LogSlate: Took 0.000288 seconds to synchronously load lazily loaded font '../../../Engine/Content/Slate/Fonts/Roboto-Bold.ttf' (160K)
[2023.01.05-01.04.26:129][  0]LogRenderer: Reallocating scene render targets to support 512x272 Format 10 NumSamples 1 (Frame:1).
[2023.01.05-01.04.26:797][  0]LogNativeClassHierarchy: Verbose: Native class hierarchy updated for 'HierarchicalLODOutliner' in 0.0005 seconds. Added 0 classes and 0 folders.
[2023.01.05-01.04.26:797][  0]LogLoad: (Engine Initialization) Total time: 11.33 seconds
[2023.01.05-01.04.26:797][  0]LogLoad: (Engine Initialization) Total Blueprint compile time: 0.00 seconds
[2023.01.05-01.04.26:875][  0]LogAssetRegistry: Asset discovery search completed in 7.0191 seconds
[2023.01.05-01.04.26:882][  0]LogCollectionManager: Fixed up redirectors for 0 collections in 0.000004 seconds (updated 0 objects)
[2023.01.05-01.04.26:884][  0]LogContentStreaming: Texture pool size now 1000 MB
[2023.01.05-01.04.27:649][  2]LogSlate: Took 0.000236 seconds to synchronously load lazily loaded font '../../../Engine/Content/Slate/Fonts/Roboto-Light.ttf' (167K)
[2023.01.05-01.09.53:566][190]LogAudioMixer: Resetting audio stream to device id 
[2023.01.05-01.09.53:607][190]LogAudioMixer: Display: 0: FrontLeft
[2023.01.05-01.09.53:607][190]LogAudioMixer: Display: 1: FrontRight
[2023.01.05-01.09.57:249][202]LogHttp: Warning: 000000005C5FC800: invalid HTTP response code received. URL: https://datarouter.ol.epicgames.com/datarouter/api/v1/public/data?SessionID=%7BE2934CA2-4DAD-6678-E319-CF9B8798D6D0%7D&AppID=UEEditor.Rocket.Release&AppVersion=4.27.2-18319896%2B%2B%2BUE4%2BRelease-4.27&UserID=d53e3b584350bd5cf62670a903444295%7Ccea639bc7ac34a08817c167d8f72fc61%7C876c9a87-351b-4e1b-9444-dc9ec140a047&AppEnvironment=datacollector-binary&UploadType=eteventstream, HTTP code: 0, content length: 0, actual payload size: 0
[2023.01.05-01.09.58:268][202]LogHttp: Warning: 000000005C5FC800: request failed, libcurl error: 56 (Failure when receiving data from the peer)
[2023.01.05-01.09.58:268][202]LogHttp: Warning: 000000005C5FC800: libcurl info message cache 0 (Found bundle for host datarouter.ol.epicgames.com: 0xb297eb0 [can pipeline])
[2023.01.05-01.09.58:268][202]LogHttp: Warning: 000000005C5FC800: libcurl info message cache 1 (Re-using existing connection! (#0) with host datarouter.ol.epicgames.com)
[2023.01.05-01.09.58:268][202]LogHttp: Warning: 000000005C5FC800: libcurl info message cache 2 (Connected to datarouter.ol.epicgames.com (54.86.251.214) port 443 (#0))
[2023.01.05-01.09.58:268][202]LogHttp: Warning: 000000005C5FC800: libcurl info message cache 3 (We are completely uploaded and fine)
[2023.01.05-01.09.58:268][202]LogHttp: Warning: 000000005C5FC800: libcurl info message cache 4 (OpenSSL SSL_read: SSL_ERROR_SYSCALL, errno 10054)
[2023.01.05-01.09.58:268][202]LogHttp: Warning: 000000005C5FC800: libcurl info message cache 5 (Connection died, retrying a fresh connect)
[2023.01.05-01.09.58:268][202]LogHttp: Warning: 000000005C5FC800: libcurl info message cache 6 (necessary data rewind wasn't possible)
[2023.01.05-01.09.58:268][202]LogHttp: Warning: 000000005C5FC800: libcurl info message cache 7 (Closing connection 0)
[2023.01.05-01.09.58:268][202]LogHttp: Warning: Retry exhausted on https://datarouter.ol.epicgames.com/datarouter/api/v1/public/data?SessionID=%7BE2934CA2-4DAD-6678-E319-CF9B8798D6D0%7D&AppID=UEEditor.Rocket.Release&AppVersion=4.27.2-18319896%2B%2B%2BUE4%2BRelease-4.27&UserID=d53e3b584350bd5cf62670a903444295%7Ccea639bc7ac34a08817c167d8f72fc61%7C876c9a87-351b-4e1b-9444-dc9ec140a047&AppEnvironment=datacollector-binary&UploadType=eteventstream
[2023.01.05-01.10.03:537][218]LogRenderer: Reallocating scene render targets to support 512x296 Format 10 NumSamples 1 (Frame:3).
[2023.01.05-01.10.04:531][219]LogRenderer: Reallocating scene render targets to support 964x460 Format 10 NumSamples 1 (Frame:5).
[2023.01.05-01.10.25:597][429]LogSlate: Window 'Plugins' being destroyed
[2023.01.05-01.10.25:637][429]LogSlate: Window 'Plugins' being destroyed
[2023.01.05-01.10.25:637][429]LogDirectoryWatcher: A directory notification for '../../../Engine/Plugins/' was aborted.
[2023.01.05-01.25.47:665][262]LogSlate: Window 'MyProject - Unreal Editor' being destroyed
[2023.01.05-01.25.47:682][262]LogWindowsTextInputMethodSystem: Display: IME system deactivated.
[2023.01.05-01.25.47:684][262]LogToolMenus: Warning: Menu already registered : LevelEditor.MainMenu
[2023.01.05-01.25.47:684][262]LogToolMenus: Warning: Menu already registered : LevelEditor.MainMenu.File
[2023.01.05-01.25.47:684][262]LogToolMenus: Warning: Menu already registered : LevelEditor.MainMenu.Window
[2023.01.05-01.25.47:684][262]LogToolMenus: Warning: Menu already registered : LevelEditor.MainMenu.Edit
[2023.01.05-01.25.47:684][262]LogToolMenus: Warning: Menu already registered : LevelEditor.MainMenu.Help
[2023.01.05-01.25.47:684][262]LogToolMenus: Warning: Menu already registered : LevelEditor.LevelEditorToolBar.SourceControl
[2023.01.05-01.25.47:684][262]LogToolMenus: Warning: Menu already registered : LevelEditor.LevelEditorToolBar.Cinematics
[2023.01.05-01.25.47:684][262]LogToolMenus: Warning: Menu already registered : LevelEditor.LevelEditorToolBar.BuildComboButton
[2023.01.05-01.25.47:684][262]LogToolMenus: Warning: Menu already registered : LevelEditor.LevelEditorToolBar.BuildComboButton.LightingQuality
[2023.01.05-01.25.47:684][262]LogToolMenus: Warning: Menu already registered : LevelEditor.LevelEditorToolBar.BuildComboButton.LightingInfo.LightingDensity
[2023.01.05-01.25.47:685][262]LogToolMenus: Warning: Menu already registered : LevelEditor.LevelEditorToolBar.BuildComboButton.LightingInfo.LightingResolution
[2023.01.05-01.25.47:685][262]LogToolMenus: Warning: Menu already registered : LevelEditor.LevelEditorToolBar.BuildComboButton.LightingInfo
[2023.01.05-01.25.47:685][262]LogToolMenus: Warning: Menu already registered : LevelEditor.LevelEditorToolBar.EditorModes
[2023.01.05-01.25.47:685][262]LogToolMenus: Warning: Menu already registered : LevelEditor.LevelEditorToolBar.CompileComboButton
[2023.01.05-01.25.47:685][262]LogToolMenus: Warning: Menu already registered : LevelEditor.LevelEditorToolBar.LevelToolbarQuickSettings
[2023.01.05-01.25.47:686][262]LogToolMenus: Warning: Menu already registered : LevelEditor.LevelEditorToolBar.OpenBlueprint
[2023.01.05-01.25.47:686][262]LogToolMenus: Warning: Menu already registered : LevelEditor.LevelEditorToolBar
[2023.01.05-01.25.47:714][262]LogSlate: Updating window title bar state: overlay mode, drag disabled, window buttons hidden, title bar hidden
[2023.01.05-01.25.47:722][262]LogSlate: Updating window title bar state: overlay mode, drag disabled, window buttons hidden, title bar hidden
[2023.01.05-01.25.47:729][262]LogSlate: Updating window title bar state: overlay mode, drag disabled, window buttons hidden, title bar hidden
[2023.01.05-01.25.47:736][262]LogSlate: Updating window title bar state: overlay mode, drag disabled, window buttons hidden, title bar hidden
[2023.01.05-01.28.54:408][670]LogSlate: Only BGRA pngs, bmps or icos are supported in by External Image Picker
[2023.01.05-01.29.03:565][902]LogLinker: Warning: Failed to load '/Game/Blueprints/BP_GamemodeBase': Can't find file.
[2023.01.05-01.29.03:565][902]LogLinker: Warning: Failed to load '/Game/Blueprints/BP_GamemodeBase': Can't find file.
[2023.01.05-01.29.03:565][902]LogUObjectGlobals: Warning: Failed to find object 'Class /Game/Blueprints/BP_GamemodeBase.BP_GamemodeBase_C'
[2023.01.05-01.32.27:501][620]LogSlate: Window 'Content Browser' being destroyed
[2023.01.05-01.32.57:637][336]LogSlate: Window 'Content Browser 3' being destroyed
[2023.01.05-01.32.57:678][336]LogSlate: Window 'Content Browser 3' being destroyed
[2023.01.05-01.32.59:996][409]LogSlate: Window 'Content Browser' being destroyed
[2023.01.05-01.33.00:027][409]LogSlate: Window 'Content Browser' being destroyed
[2023.01.05-01.33.12:566][825]LogSlate: Window 'Content Browser' being destroyed
[2023.01.05-01.33.12:608][825]LogSlate: Window 'Content Browser' being destroyed
